2017-02-11T13:04:38 Checking update-file '/usr/share/kde4/apps/kconf_update/kaccel.upd' for new updates
2017-02-11T13:04:38 kaccel.upd: Found new update 'kde3.3/r1'
2017-02-11T13:04:38 kaccel.upd: Running script 'convertShortcuts.pl'
2017-02-11T13:04:39 Checking update-file '/usr/share/kde4/apps/kconf_update/kwin.upd' for new updates
2017-02-11T13:04:39 kwin.upd: Found new update 'kde3.0r1'
2017-02-11T13:04:39 kwin.upd: Running script 'pluginlibFix.pl'
2017-02-11T13:04:39 kwin.upd: Updating kwinrc:Compositing:Enabled to 'false'
2017-02-11T13:04:39 kwin.upd: Updating kwinrc:Windows:AutoRaise to 'off'
2017-02-11T13:04:39 kwin.upd: Updating kwinrc:Windows:AutoRaiseInterval to '0'
2017-02-11T13:04:39 kwin.upd: Updating kwinrc:Windows:BorderSnapZone to '10'
2017-02-11T13:04:39 kwin.upd: Updating kwinrc:Windows:ClickRaise to 'on'
2017-02-11T13:04:39 kwin.upd: Updating kwinrc:Windows:FocusPolicy to 'ClickToFocus'
2017-02-11T13:04:39 kwin.upd: Updating kwinrc:Windows:MoveMode to 'Opaque'
2017-02-11T13:04:39 kwin.upd: Updating kwinrc:Windows:ResizeMode to 'Opaque'
2017-02-11T13:04:39 kwin.upd: Updating kwinrc:Windows:WindowSnapZone to '10'
2017-02-11T13:04:39 kwin.upd: Updating kwinrc:Windows:WindowsPlacement to 'Smart'
2017-02-11T13:04:39 kwin.upd: Updating kwinrc:Style:PluginLib to 'kwin3_oxygen'
2017-02-11T13:04:39 kwin.upd: Updating kwinrc:Style:ShowToolTips to 'true'
2017-02-11T13:04:39 kwin.upd: Found new update 'kde3.2Xinerama'
2017-02-11T13:04:39 Checking update-file '/usr/share/kde4/apps/kconf_update/kwin_focus1.upd' for new updates
2017-02-11T13:04:39 kwin_focus1.upd: Found new update 'kwin_focus1'
2017-02-11T13:04:39 kwin_focus1.upd: Running script 'kwin_focus1.sh'
2017-02-11T13:04:39 Checking update-file '/usr/share/kde4/apps/kconf_update/kcmdisplayrc.upd' for new updates
2017-02-11T13:04:39 kcmdisplayrc.upd: Found new update 'kde3'
2017-02-11T13:04:39 Checking update-file '/usr/share/kde4/apps/kconf_update/kopete-update_yahoo_server.upd' for new updates
2017-02-11T13:04:39 kopete-update_yahoo_server.upd: Found new update 'kopete-update-yahoo-server/r1'
2017-02-11T13:04:39 kopete-update_yahoo_server.upd: Running script 'kopete-update_yahoo_server.pl'
2017-02-11T13:04:39 kopete-update_yahoo_server.upd: Updating kopeterc:KopeteChatWindowGroupMode:Height 1024 to '400'
2017-02-11T13:04:39 kopete-update_yahoo_server.upd: Updating kopeterc:KopeteChatWindowGroupMode:Height 1050 to '400'
2017-02-11T13:04:39 kopete-update_yahoo_server.upd: Updating kopeterc:KopeteChatWindowGroupMode:Height 1200 to '400'
2017-02-11T13:04:39 kopete-update_yahoo_server.upd: Updating kopeterc:KopeteChatWindowGroupMode:Height 480 to '400'
2017-02-11T13:04:39 kopete-update_yahoo_server.upd: Updating kopeterc:KopeteChatWindowGroupMode:Height 600 to '400'
2017-02-11T13:04:39 kopete-update_yahoo_server.upd: Updating kopeterc:KopeteChatWindowGroupMode:Height 768 to '400'
2017-02-11T13:04:39 kopete-update_yahoo_server.upd: Updating kopeterc:KopeteChatWindowGroupMode:Height 800 to '400'
2017-02-11T13:04:39 kopete-update_yahoo_server.upd: Updating kopeterc:KopeteChatWindowGroupMode:Width 1024 to '650'
2017-02-11T13:04:39 kopete-update_yahoo_server.upd: Updating kopeterc:KopeteChatWindowGroupMode:Width 1280 to '650'
2017-02-11T13:04:39 kopete-update_yahoo_server.upd: Updating kopeterc:KopeteChatWindowGroupMode:Width 1400 to '650'
2017-02-11T13:04:39 kopete-update_yahoo_server.upd: Updating kopeterc:KopeteChatWindowGroupMode:Width 1450 to '650'
2017-02-11T13:04:39 kopete-update_yahoo_server.upd: Updating kopeterc:KopeteChatWindowGroupMode:Width 1600 to '650'
2017-02-11T13:04:39 kopete-update_yahoo_server.upd: Updating kopeterc:KopeteChatWindowGroupMode:Width 1900 to '650'
2017-02-11T13:04:39 kopete-update_yahoo_server.upd: Updating kopeterc:KopeteChatWindowGroupMode:Width 800 to '650'
2017-02-11T13:04:39 kopete-update_yahoo_server.upd: Updating kopeterc:KopeteChatWindowIndividualMode:Height 1024 to '400'
2017-02-11T13:04:39 kopete-update_yahoo_server.upd: Updating kopeterc:KopeteChatWindowIndividualMode:Height 1050 to '400'
2017-02-11T13:04:39 kopete-update_yahoo_server.upd: Updating kopeterc:KopeteChatWindowIndividualMode:Height 1200 to '400'
2017-02-11T13:04:39 kopete-update_yahoo_server.upd: Updating kopeterc:KopeteChatWindowIndividualMode:Height 480 to '300'
2017-02-11T13:04:39 kopete-update_yahoo_server.upd: Updating kopeterc:KopeteChatWindowIndividualMode:Height 600 to '400'
2017-02-11T13:04:39 kopete-update_yahoo_server.upd: Updating kopeterc:KopeteChatWindowIndividualMode:Height 768 to '400'
2017-02-11T13:04:39 kopete-update_yahoo_server.upd: Updating kopeterc:KopeteChatWindowIndividualMode:Height 800 to '400'
2017-02-11T13:04:39 kopete-update_yahoo_server.upd: Updating kopeterc:KopeteChatWindowIndividualMode:Width 1024 to '400'
2017-02-11T13:04:39 kopete-update_yahoo_server.upd: Updating kopeterc:KopeteChatWindowIndividualMode:Width 1280 to '400'
2017-02-11T13:04:39 kopete-update_yahoo_server.upd: Updating kopeterc:KopeteChatWindowIndividualMode:Width 1400 to '400'
2017-02-11T13:04:39 kopete-update_yahoo_server.upd: Updating kopeterc:KopeteChatWindowIndividualMode:Width 1450 to '400'
2017-02-11T13:04:39 kopete-update_yahoo_server.upd: Updating kopeterc:KopeteChatWindowIndividualMode:Width 1600 to '400'
2017-02-11T13:04:39 kopete-update_yahoo_server.upd: Updating kopeterc:KopeteChatWindowIndividualMode:Width 1900 to '400'
2017-02-11T13:04:39 kopete-update_yahoo_server.upd: Updating kopeterc:KopeteChatWindowIndividualMode:Width 800 to '400'
2017-02-11T13:04:40 Checking update-file '/usr/share/kde4/apps/kconf_update/kfmclient_3_2.upd' for new updates
2017-02-11T13:04:40 kfmclient_3_2.upd: Found new update 'kfmclient_3_2'
2017-02-11T13:04:40 kfmclient_3_2.upd: File 'kfmclientrc' does not exist or empty, skipping
2017-02-11T13:04:40 Checking update-file '/usr/share/kde4/apps/kconf_update/kuriikwsfilter.upd' for new updates
2017-02-11T13:04:40 kuriikwsfilter.upd: Found new update 'post-kde3.1/cvs'
2017-02-11T13:04:40 kuriikwsfilter.upd: File 'kuriikwsfilterrc' does not exist or empty, skipping
2017-02-11T13:04:40 Checking update-file '/usr/share/kde4/apps/kconf_update/kded.upd' for new updates
2017-02-11T13:04:40 kded.upd: Found new update 'kde3.0'
2017-02-11T13:04:40 kded.upd: File 'kdedrc' does not exist or empty, skipping
2017-02-11T13:04:40 Checking update-file '/usr/share/kde4/apps/kconf_update/kwin_window_shortcuts.upd' for new updates
2017-02-11T13:04:40 kwin_window_shortcuts.upd: Found new update 'kde414'
2017-02-11T13:04:40 kwin_window_shortcuts.upd: File 'kglobalshortcutsrc' does not exist or empty, skipping
2017-02-11T13:04:40 Checking update-file '/usr/share/kde4/apps/kconf_update/kwin_fsp_workarounds_1.upd' for new updates
2017-02-11T13:04:40 kwin_fsp_workarounds_1.upd: Found new update 'kde351'
2017-02-11T13:04:40 kwin_fsp_workarounds_1.upd: Running script 'kwin_update_default_rules' with arguments 'fsp_workarounds_1.kwinrules'
2017-02-11T13:04:40 Checking update-file '/usr/share/kde4/apps/kconf_update/kmail.upd' for new updates
2017-02-11T13:04:40 kmail.upd: Found new update '1'
2017-02-11T13:04:40 kmail.upd: File 'kmailrc' does not exist or empty, skipping
2017-02-11T13:04:40 kmail.upd: Found new update '4'
2017-02-11T13:04:40 kmail.upd: File 'kmailrc' does not exist or empty, skipping
2017-02-11T13:04:41 kmail.upd: Found new update '5'
2017-02-11T13:04:41 kmail.upd: File 'kmailrc' does not exist or empty, skipping
2017-02-11T13:04:41 kmail.upd: File 'kpgprc' does not exist or empty, skipping
2017-02-11T13:04:41 kmail.upd: Found new update '6'
2017-02-11T13:04:41 kmail.upd: File 'kmailrc' does not exist or empty, skipping
2017-02-11T13:04:41 kmail.upd: Found new update '7'
2017-02-11T13:04:41 kmail.upd: File 'kmailrc' does not exist or empty, skipping
2017-02-11T13:04:41 kmail.upd: Found new update '8'
2017-02-11T13:04:41 kmail.upd: File 'kmailrc' does not exist or empty, skipping
2017-02-11T13:04:41 kmail.upd: Found new update '9'
2017-02-11T13:04:41 kmail.upd: File 'kmailrc' does not exist or empty, skipping
2017-02-11T13:04:41 kmail.upd: Found new update '3.1-update-identities'
2017-02-11T13:04:41 kmail.upd: File 'kmailrc' does not exist or empty, skipping
2017-02-11T13:04:41 kmail.upd: Found new update '3.1-use-identity-uoids'
2017-02-11T13:04:41 kmail.upd: File 'kmailrc' does not exist or empty, skipping
2017-02-11T13:04:41 kmail.upd: Found new update '3.1-new-mail-notification'
2017-02-11T13:04:41 kmail.upd: File 'kmailrc' does not exist or empty, skipping
2017-02-11T13:04:41 kmail.upd: Found new update '3.2-update-loop-on-goto-unread-settings'
2017-02-11T13:04:41 kmail.upd: File 'kmailrc' does not exist or empty, skipping
2017-02-11T13:04:41 kmail.upd: Found new update '3.1.4-dont-use-UOID-0-for-any-identity'
2017-02-11T13:04:41 kmail.upd: File 'kmailrc' does not exist or empty, skipping
2017-02-11T13:04:42 kmail.upd: Found new update '3.2-misc'
2017-02-11T13:04:42 kmail.upd: File 'kmailrc' does not exist or empty, skipping
2017-02-11T13:04:42 kmail.upd: Found new update '3.2-moves'
2017-02-11T13:04:42 kmail.upd: File 'kmailrc' does not exist or empty, skipping
2017-02-11T13:04:42 kmail.upd: Found new update '3.3-use-ID-for-accounts'
2017-02-11T13:04:42 kmail.upd: File 'kmailrc' does not exist or empty, skipping
2017-02-11T13:04:42 kmail.upd: Found new update '3.3-update-filter-rules'
2017-02-11T13:04:42 kmail.upd: File 'kmailrc' does not exist or empty, skipping
2017-02-11T13:04:42 kmail.upd: Found new update '3.3-move-identities-to-own-file'
2017-02-11T13:04:42 kmail.upd: File 'kmailrc' does not exist or empty, skipping
2017-02-11T13:04:42 kmail.upd: Found new update '3.3-aegypten-kpgprc-to-kmailrc'
2017-02-11T13:04:42 kmail.upd: File 'kpgprc' does not exist or empty, skipping
2017-02-11T13:04:42 kmail.upd: Found new update '3.3-aegypten-kpgprc-to-libkleopatrarc'
2017-02-11T13:04:42 kmail.upd: File 'kpgprc' does not exist or empty, skipping
2017-02-11T13:04:42 kmail.upd: Found new update '3.3-aegypten-emailidentities-split-sign-encr-keys'
2017-02-11T13:04:42 kmail.upd: File 'emailidentities' does not exist or empty, skipping
2017-02-11T13:04:43 kmail.upd: Found new update '3.3-misc'
2017-02-11T13:04:43 kmail.upd: File 'kmailrc' does not exist or empty, skipping
2017-02-11T13:04:43 kmail.upd: Found new update '3.3b1-misc'
2017-02-11T13:04:43 kmail.upd: File 'kmailrc' does not exist or empty, skipping
2017-02-11T13:04:43 kmail.upd: Found new update '3.4'
2017-02-11T13:04:43 kmail.upd: File 'kmailrc' does not exist or empty, skipping
2017-02-11T13:04:43 kmail.upd: Found new update '3.4a'
2017-02-11T13:04:43 kmail.upd: File 'kmailrc' does not exist or empty, skipping
2017-02-11T13:04:43 kmail.upd: Found new update '3.4b'
2017-02-11T13:04:43 kmail.upd: File 'kmailrc' does not exist or empty, skipping
2017-02-11T13:04:43 kmail.upd: Found new update '3.4.1'
2017-02-11T13:04:43 kmail.upd: File 'kmailrc' does not exist or empty, skipping
2017-02-11T13:04:43 kmail.upd: Found new update '3.5.4'
2017-02-11T13:04:43 kmail.upd: File 'kmailrc' does not exist or empty, skipping
2017-02-11T13:04:43 kmail.upd: Found new update '3.5.7-imap-flag-migration'
2017-02-11T13:04:43 kmail.upd: File 'kmailrc' does not exist or empty, skipping
2017-02-11T13:04:43 kmail.upd: Found new update '4.0-misc'
2017-02-11T13:04:43 kmail.upd: File 'kmailrc' does not exist or empty, skipping
2017-02-11T13:04:43 kmail.upd: Found new update '4.2'
2017-02-11T13:04:43 kmail.upd: File 'kmailrc' does not exist or empty, skipping
2017-02-11T13:04:44 Checking update-file '/usr/share/kde4/apps/kconf_update/kopete-initialstatus.upd' for new updates
2017-02-11T13:04:44 kopete-initialstatus.upd: Found new update 'kopete0.60.80/r1'
2017-02-11T13:04:44 kopete-initialstatus.upd: Running script 'kopete-initialstatus.pl'
2017-02-11T13:04:44 kopete-initialstatus.upd: Script removes kopeterc:Behavior:autoConnect
2017-02-11T13:04:44 kopete-initialstatus.upd: Skipping kopeterc:KopeteChatWindowGroupMode:Height 1024, already exists.
2017-02-11T13:04:44 kopete-initialstatus.upd: Skipping kopeterc:KopeteChatWindowGroupMode:Height 1050, already exists.
2017-02-11T13:04:44 kopete-initialstatus.upd: Skipping kopeterc:KopeteChatWindowGroupMode:Height 1200, already exists.
2017-02-11T13:04:44 kopete-initialstatus.upd: Skipping kopeterc:KopeteChatWindowGroupMode:Height 480, already exists.
2017-02-11T13:04:44 kopete-initialstatus.upd: Skipping kopeterc:KopeteChatWindowGroupMode:Height 600, already exists.
2017-02-11T13:04:44 kopete-initialstatus.upd: Skipping kopeterc:KopeteChatWindowGroupMode:Height 768, already exists.
2017-02-11T13:04:44 kopete-initialstatus.upd: Skipping kopeterc:KopeteChatWindowGroupMode:Height 800, already exists.
2017-02-11T13:04:44 kopete-initialstatus.upd: Skipping kopeterc:KopeteChatWindowGroupMode:Width 1024, already exists.
2017-02-11T13:04:44 kopete-initialstatus.upd: Skipping kopeterc:KopeteChatWindowGroupMode:Width 1280, already exists.
2017-02-11T13:04:44 kopete-initialstatus.upd: Skipping kopeterc:KopeteChatWindowGroupMode:Width 1400, already exists.
2017-02-11T13:04:44 kopete-initialstatus.upd: Skipping kopeterc:KopeteChatWindowGroupMode:Width 1450, already exists.
2017-02-11T13:04:44 kopete-initialstatus.upd: Skipping kopeterc:KopeteChatWindowGroupMode:Width 1600, already exists.
2017-02-11T13:04:44 kopete-initialstatus.upd: Skipping kopeterc:KopeteChatWindowGroupMode:Width 1900, already exists.
2017-02-11T13:04:44 kopete-initialstatus.upd: Skipping kopeterc:KopeteChatWindowGroupMode:Width 800, already exists.
2017-02-11T13:04:44 kopete-initialstatus.upd: Skipping kopeterc:KopeteChatWindowIndividualMode:Height 1024, already exists.
2017-02-11T13:04:44 kopete-initialstatus.upd: Skipping kopeterc:KopeteChatWindowIndividualMode:Height 1050, already exists.
2017-02-11T13:04:44 kopete-initialstatus.upd: Skipping kopeterc:KopeteChatWindowIndividualMode:Height 1200, already exists.
2017-02-11T13:04:44 kopete-initialstatus.upd: Skipping kopeterc:KopeteChatWindowIndividualMode:Height 480, already exists.
2017-02-11T13:04:44 kopete-initialstatus.upd: Skipping kopeterc:KopeteChatWindowIndividualMode:Height 600, already exists.
2017-02-11T13:04:44 kopete-initialstatus.upd: Skipping kopeterc:KopeteChatWindowIndividualMode:Height 768, already exists.
2017-02-11T13:04:44 kopete-initialstatus.upd: Skipping kopeterc:KopeteChatWindowIndividualMode:Height 800, already exists.
2017-02-11T13:04:44 kopete-initialstatus.upd: Skipping kopeterc:KopeteChatWindowIndividualMode:Width 1024, already exists.
2017-02-11T13:04:44 kopete-initialstatus.upd: Skipping kopeterc:KopeteChatWindowIndividualMode:Width 1280, already exists.
2017-02-11T13:04:44 kopete-initialstatus.upd: Skipping kopeterc:KopeteChatWindowIndividualMode:Width 1400, already exists.
2017-02-11T13:04:44 kopete-initialstatus.upd: Skipping kopeterc:KopeteChatWindowIndividualMode:Width 1450, already exists.
2017-02-11T13:04:44 kopete-initialstatus.upd: Skipping kopeterc:KopeteChatWindowIndividualMode:Width 1600, already exists.
2017-02-11T13:04:44 kopete-initialstatus.upd: Skipping kopeterc:KopeteChatWindowIndividualMode:Width 1900, already exists.
2017-02-11T13:04:44 kopete-initialstatus.upd: Skipping kopeterc:KopeteChatWindowIndividualMode:Width 800, already exists.
2017-02-11T13:04:44 Checking update-file '/usr/share/kde4/apps/kconf_update/plasma-add-shortcut-to-menu.upd' for new updates
2017-02-11T13:04:44 plasma-add-shortcut-to-menu.upd: Found new update '4.1LauncherShortcut'
2017-02-11T13:04:44 plasma-add-shortcut-to-menu.upd: !! Script 'plasma-add-shortcut-to-menu-update' not found in line 2 : 'Script=plasma-add-shortcut-to-menu-update'
2017-02-11T13:04:44 Checking update-file '/usr/share/kde4/apps/kconf_update/mailtransports.upd' for new updates
2017-02-11T13:04:44 mailtransports.upd: Found new update 'initial-kmail-migration'
2017-02-11T13:04:44 mailtransports.upd: File 'kmailrc' does not exist or empty, skipping
2017-02-11T13:04:44 mailtransports.upd: Found new update 'initial-knode-migration'
2017-02-11T13:04:44 mailtransports.upd: File 'knoderc' does not exist or empty, skipping
2017-02-11T13:04:44 Checking update-file '/usr/share/kde4/apps/kconf_update/kcookiescfg.upd' for new updates
2017-02-11T13:04:44 kcookiescfg.upd: Found new update 'kde2.2/b1'
2017-02-11T13:04:44 kcookiescfg.upd: File 'kcookiejarrc' does not exist or empty, skipping
2017-02-11T13:04:44 kcookiescfg.upd: Found new update 'kde3.1/cvs'
2017-02-11T13:04:44 kcookiescfg.upd: File 'kcookiejarrc' does not exist or empty, skipping
2017-02-11T13:04:44 Checking update-file '/usr/share/kde4/apps/kconf_update/kwinsticky.upd' for new updates
2017-02-11T13:04:44 kwinsticky.upd: Found new update 'stickyupd3.1'
2017-02-11T13:04:44 kwinsticky.upd: File 'kwin.eventsrc' does not exist or empty, skipping
2017-02-11T13:04:44 Checking update-file '/usr/share/kde4/apps/kconf_update/kwinupdatewindowsettings.upd' for new updates
2017-02-11T13:04:44 kwinupdatewindowsettings.upd: Found new update 'kde33b1'
2017-02-11T13:04:44 kwinupdatewindowsettings.upd: Running script 'kwin_update_window_settings'
2017-02-11T13:04:45 Checking update-file '/usr/share/kde4/apps/kconf_update/favicons.upd' for new updates
2017-02-11T13:04:45 favicons.upd: Found new update 'kde3_2'
2017-02-11T13:04:45 favicons.upd: Running script 'move_favicons.sh'
2017-02-11T13:04:45 Checking update-file '/usr/share/kde4/apps/kconf_update/kio_help.upd' for new updates
2017-02-11T13:04:45 kio_help.upd: Found new update 'kde3_2'
2017-02-11T13:04:45 kio_help.upd: Running script 'move_kio_help_cache.sh'
2017-02-11T13:04:45 [Script] mv: cannot stat `/nsm/home/cddelott/.kde/share/apps/kio_help/cache': No such file or directory
2017-02-11T13:04:45 [Script] rmdir: failed to remove `/nsm/home/cddelott/.kde/share/apps/kio_help': No such file or directory
2017-02-11T13:04:45 Checking update-file '/usr/share/kde4/apps/kconf_update/kwin_focus2.upd' for new updates
2017-02-11T13:04:45 kwin_focus2.upd: Found new update 'kwin_focus2'
2017-02-11T13:04:45 kwin_focus2.upd: Running script 'kwin_focus2.sh'
2017-02-11T13:04:45 Checking update-file '/usr/share/kde4/apps/kconf_update/kopete-gaim_to_pidgin_style.upd' for new updates
2017-02-11T13:04:45 kopete-gaim_to_pidgin_style.upd: Found new update 'kopete0.70.85/r1'
2017-02-11T13:04:45 kopete-gaim_to_pidgin_style.upd: Running script 'kopete-gaim_to_pidgin_style.pl'
2017-02-11T13:04:45 Checking update-file '/usr/share/kde4/apps/kconf_update/devicepreference.upd' for new updates
2017-02-11T13:04:45 devicepreference.upd: Found new update 'DevicesMovedToPlatformPlugin'
2017-02-11T13:04:45 devicepreference.upd: Running script 'phonon_devicepreference_update'
2017-02-11T13:04:45 devicepreference.upd: Found new update 'DevicesUIDsChanged'
2017-02-11T13:04:45 devicepreference.upd: Running script 'phonon_deviceuids_update'
2017-02-11T13:04:46 Checking update-file '/usr/share/kde4/apps/kconf_update/ksmserver.upd' for new updates
2017-02-11T13:04:46 ksmserver.upd: Found new update 'kde3'
2017-02-11T13:04:46 ksmserver.upd: File 'ksmserverrc' does not exist or empty, skipping
2017-02-11T13:04:46 Checking update-file '/usr/share/kde4/apps/kconf_update/korganizer.upd' for new updates
2017-02-11T13:04:46 korganizer.upd: Found new update 'korganizer_3.4_GroupwareCleanup'
2017-02-11T13:04:46 korganizer.upd: File 'korganizerrc' does not exist or empty, skipping
2017-02-11T13:04:46 korganizer.upd: Found new update 'korganizer_3.4_WebExport'
2017-02-11T13:04:46 korganizer.upd: File 'korganizerrc' does not exist or empty, skipping
2017-02-11T13:04:46 korganizer.upd: Found new update 'korganizer_3.4_FilterAction'
2017-02-11T13:04:46 korganizer.upd: File 'korganizerrc' does not exist or empty, skipping
2017-02-11T13:04:46 korganizer.upd: Found new update 'korganizer_3.4_HolidayPlugin'
2017-02-11T13:04:46 korganizer.upd: File 'korganizerrc' does not exist or empty, skipping
2017-02-11T13:04:46 korganizer.upd: Found new update 'korganizer_4.3_ShowTodos'
2017-02-11T13:04:46 korganizer.upd: File 'korganizerrc' does not exist or empty, skipping
2017-02-11T13:04:46 Checking update-file '/usr/share/kde4/apps/kconf_update/kpgp.upd' for new updates
2017-02-11T13:04:46 kpgp.upd: Found new update 'preKDE3_a'
2017-02-11T13:04:46 kpgp.upd: File 'kpgprc' does not exist or empty, skipping
2017-02-11T13:04:46 kpgp.upd: Found new update '3.1-1'
2017-02-11T13:04:46 kpgp.upd: File 'kpgprc' does not exist or empty, skipping
2017-02-11T13:04:47 Checking update-file '/usr/share/kde4/apps/kconf_update/plasma_popupapplet_fix_groups.upd' for new updates
2017-02-11T13:04:47 plasma_popupapplet_fix_groups.upd: Found new update 'PlasmaPopupAppletFixGroups1'
2017-02-11T13:04:47 plasma_popupapplet_fix_groups.upd: File 'plasma-appletsrc' does not exist or empty, skipping
2017-02-11T13:04:47 plasma_popupapplet_fix_groups.upd: Found new update 'PlasmaPopupAppletFixGroups2'
2017-02-11T13:04:47 plasma_popupapplet_fix_groups.upd: Running script 'plasma_popupapplet_fix_groups.pl'
2017-02-11T13:04:47 plasma_popupapplet_fix_groups.upd: Found new update 'PlasmaPopupAppletFixGroups3'
2017-02-11T13:04:47 plasma_popupapplet_fix_groups.upd: File 'plasmoidviewer-appletsrc' does not exist or empty, skipping
2017-02-11T13:04:47 Checking update-file '/usr/share/kde4/apps/kconf_update/mouse_cursor_theme.upd' for new updates
2017-02-11T13:04:47 mouse_cursor_theme.upd: Found new update 'kde3.4.99'
2017-02-11T13:04:47 Checking update-file '/usr/share/kde4/apps/kconf_update/ksslcertificatemanager.upd' for new updates
2017-02-11T13:04:47 ksslcertificatemanager.upd: Found new update 'kde4.2'
2017-02-11T13:04:47 ksslcertificatemanager.upd: Running script 'ksslcertificatemanager.upd.sh'
2017-02-11T13:04:47 [Script] rm: cannot remove `/nsm/home/cddelott/.kde//share/config/ksslcertificatemanager': No such file or directory
2017-02-11T13:04:47 ksslcertificatemanager.upd: !! An error occurred while running 'sh /usr/share/kde4/apps/kconf_update/ksslcertificatemanager.upd.sh'
2017-02-11T13:04:47 Checking update-file '/usr/share/kde4/apps/kconf_update/konqsidebartng.upd' for new updates
2017-02-11T13:04:47 konqsidebartng.upd: Found new update 'konqsidebartng_rc'
2017-02-11T13:04:47 konqsidebartng.upd: Found new update 'konqsidebartng_entries'
2017-02-11T13:04:47 konqsidebartng.upd: Running script 'move_konqsidebartng_entries.sh'
2017-02-11T13:04:47 Checking update-file '/usr/share/kde4/apps/kconf_update/kpat_update_cardwidth.upd' for new updates
2017-02-11T13:04:47 kpat_update_cardwidth.upd: Found new update 'kpat_cardwidth_update.kde41'
2017-02-11T13:04:47 kpat_update_cardwidth.upd: File 'kpatrc' does not exist or empty, skipping
2017-02-11T13:04:48 Checking update-file '/usr/share/kde4/apps/kconf_update/kcmcddb-emailsettings.upd' for new updates
2017-02-11T13:04:48 kcmcddb-emailsettings.upd: Found new update 'kcmcddb_emailsettings'
2017-02-11T13:04:48 kcmcddb-emailsettings.upd: File 'kcmcddbrc' does not exist or empty, skipping
2017-02-11T13:04:48 Checking update-file '/usr/share/kde4/apps/kconf_update/kopete-pluginloader2.upd' for new updates
2017-02-11T13:04:48 kopete-pluginloader2.upd: Found new update 'kopete0.8/r1'
2017-02-11T13:04:48 kopete-pluginloader2.upd: Running script 'kopete-pluginloader2.sh'
2017-02-11T13:04:48 Checking update-file '/usr/share/kde4/apps/kconf_update/kopete-pluginloader.upd' for new updates
2017-02-11T13:04:48 kopete-pluginloader.upd: Found new update 'kopete0.7/r1'
2017-02-11T13:04:48 kopete-pluginloader.upd: Running script 'kopete-pluginloader.pl'
2017-02-11T13:04:48 kopete-pluginloader.upd: Script removes kopeterc::Modules
2017-02-11T13:04:48 Checking update-file '/usr/share/kde4/apps/kconf_update/klipper-kconfigxt.upd' for new updates
2017-02-11T13:04:48 klipper-kconfigxt.upd: Found new update 'KlipperNoSpacesInKeyNames'
2017-02-11T13:04:48 klipper-kconfigxt.upd: File 'klipperrc' does not exist or empty, skipping
2017-02-11T13:04:48 Checking update-file '/usr/share/kde4/apps/kconf_update/kopete-account-kconf_update.upd' for new updates
2017-02-11T13:04:48 kopete-account-kconf_update.upd: Found new update 'kopete0.7/r1'
2017-02-11T13:04:48 kopete-account-kconf_update.upd: Running script 'kopete-account-kconf_update.sh'
2017-02-11T13:04:49 kopete-account-kconf_update.upd: Found new update 'kopete0.10/r1'
2017-02-11T13:04:49 kopete-account-kconf_update.upd: Running script 'kopete-account-0.10.pl'
2017-02-11T13:04:49 Checking update-file '/usr/share/kde4/apps/kconf_update/kopete-jabberproxytype-kconf_update.upd' for new updates
2017-02-11T13:04:49 kopete-jabberproxytype-kconf_update.upd: Found new update 'kopete0.9/r1'
2017-02-11T13:04:49 kopete-jabberproxytype-kconf_update.upd: Running script 'kopete-jabberproxytype-kconf_update.sh'
2017-02-11T13:04:49 kopete-jabberproxytype-kconf_update.upd: Skipping kopeterc:KopeteChatWindowGroupMode:Height 1024, already exists.
2017-02-11T13:04:49 kopete-jabberproxytype-kconf_update.upd: Skipping kopeterc:KopeteChatWindowGroupMode:Height 1050, already exists.
2017-02-11T13:04:49 kopete-jabberproxytype-kconf_update.upd: Skipping kopeterc:KopeteChatWindowGroupMode:Height 1200, already exists.
2017-02-11T13:04:49 kopete-jabberproxytype-kconf_update.upd: Skipping kopeterc:KopeteChatWindowGroupMode:Height 480, already exists.
2017-02-11T13:04:49 kopete-jabberproxytype-kconf_update.upd: Skipping kopeterc:KopeteChatWindowGroupMode:Height 600, already exists.
2017-02-11T13:04:49 kopete-jabberproxytype-kconf_update.upd: Skipping kopeterc:KopeteChatWindowGroupMode:Height 768, already exists.
2017-02-11T13:04:49 kopete-jabberproxytype-kconf_update.upd: Skipping kopeterc:KopeteChatWindowGroupMode:Height 800, already exists.
2017-02-11T13:04:49 kopete-jabberproxytype-kconf_update.upd: Skipping kopeterc:KopeteChatWindowGroupMode:Width 1024, already exists.
2017-02-11T13:04:49 kopete-jabberproxytype-kconf_update.upd: Skipping kopeterc:KopeteChatWindowGroupMode:Width 1280, already exists.
2017-02-11T13:04:49 kopete-jabberproxytype-kconf_update.upd: Skipping kopeterc:KopeteChatWindowGroupMode:Width 1400, already exists.
2017-02-11T13:04:49 kopete-jabberproxytype-kconf_update.upd: Skipping kopeterc:KopeteChatWindowGroupMode:Width 1450, already exists.
2017-02-11T13:04:49 kopete-jabberproxytype-kconf_update.upd: Skipping kopeterc:KopeteChatWindowGroupMode:Width 1600, already exists.
2017-02-11T13:04:49 kopete-jabberproxytype-kconf_update.upd: Skipping kopeterc:KopeteChatWindowGroupMode:Width 1900, already exists.
2017-02-11T13:04:49 kopete-jabberproxytype-kconf_update.upd: Skipping kopeterc:KopeteChatWindowGroupMode:Width 800, already exists.
2017-02-11T13:04:49 kopete-jabberproxytype-kconf_update.upd: Skipping kopeterc:KopeteChatWindowIndividualMode:Height 1024, already exists.
2017-02-11T13:04:49 kopete-jabberproxytype-kconf_update.upd: Skipping kopeterc:KopeteChatWindowIndividualMode:Height 1050, already exists.
2017-02-11T13:04:49 kopete-jabberproxytype-kconf_update.upd: Skipping kopeterc:KopeteChatWindowIndividualMode:Height 1200, already exists.
2017-02-11T13:04:49 kopete-jabberproxytype-kconf_update.upd: Skipping kopeterc:KopeteChatWindowIndividualMode:Height 480, already exists.
2017-02-11T13:04:49 kopete-jabberproxytype-kconf_update.upd: Skipping kopeterc:KopeteChatWindowIndividualMode:Height 600, already exists.
2017-02-11T13:04:49 kopete-jabberproxytype-kconf_update.upd: Skipping kopeterc:KopeteChatWindowIndividualMode:Height 768, already exists.
2017-02-11T13:04:49 kopete-jabberproxytype-kconf_update.upd: Skipping kopeterc:KopeteChatWindowIndividualMode:Height 800, already exists.
2017-02-11T13:04:49 kopete-jabberproxytype-kconf_update.upd: Skipping kopeterc:KopeteChatWindowIndividualMode:Width 1024, already exists.
2017-02-11T13:04:49 kopete-jabberproxytype-kconf_update.upd: Skipping kopeterc:KopeteChatWindowIndividualMode:Width 1280, already exists.
2017-02-11T13:04:49 kopete-jabberproxytype-kconf_update.upd: Skipping kopeterc:KopeteChatWindowIndividualMode:Width 1400, already exists.
2017-02-11T13:04:49 kopete-jabberproxytype-kconf_update.upd: Skipping kopeterc:KopeteChatWindowIndividualMode:Width 1450, already exists.
2017-02-11T13:04:49 kopete-jabberproxytype-kconf_update.upd: Skipping kopeterc:KopeteChatWindowIndividualMode:Width 1600, already exists.
2017-02-11T13:04:49 kopete-jabberproxytype-kconf_update.upd: Skipping kopeterc:KopeteChatWindowIndividualMode:Width 1900, already exists.
2017-02-11T13:04:49 kopete-jabberproxytype-kconf_update.upd: Skipping kopeterc:KopeteChatWindowIndividualMode:Width 800, already exists.
2017-02-11T13:04:49 Checking update-file '/usr/share/kde4/apps/kconf_update/kolab-resource.upd' for new updates
2017-02-11T13:04:49 kolab-resource.upd: Found new update 'kolab-calendar-resource-rename'
2017-02-11T13:04:49 kolab-resource.upd: File 'kresources/calendar/stdrc' does not exist or empty, skipping
2017-02-11T13:04:49 kolab-resource.upd: Found new update 'kolab-contact-resource-rename'
2017-02-11T13:04:49 kolab-resource.upd: File 'kresources/contact/stdrc' does not exist or empty, skipping
2017-02-11T13:04:49 kolab-resource.upd: Found new update 'kolab-notes-resource-rename'
2017-02-11T13:04:49 kolab-resource.upd: File 'kresources/notes/stdrc' does not exist or empty, skipping
2017-02-11T13:04:49 Checking update-file '/usr/share/kde4/apps/kconf_update/kopete-jabberpriorityaddition-kconf_update.upd' for new updates
2017-02-11T13:04:49 kopete-jabberpriorityaddition-kconf_update.upd: Found new update 'kopete0.9/r1'
2017-02-11T13:04:49 kopete-jabberpriorityaddition-kconf_update.upd: Running script 'kopete-jabberpriorityaddition-kconf_update.sh'
2017-02-11T13:04:49 kopete-jabberpriorityaddition-kconf_update.upd: Skipping kopeterc:KopeteChatWindowGroupMode:Height 1024, already exists.
2017-02-11T13:04:49 kopete-jabberpriorityaddition-kconf_update.upd: Skipping kopeterc:KopeteChatWindowGroupMode:Height 1050, already exists.
2017-02-11T13:04:49 kopete-jabberpriorityaddition-kconf_update.upd: Skipping kopeterc:KopeteChatWindowGroupMode:Height 1200, already exists.
2017-02-11T13:04:49 kopete-jabberpriorityaddition-kconf_update.upd: Skipping kopeterc:KopeteChatWindowGroupMode:Height 480, already exists.
2017-02-11T13:04:49 kopete-jabberpriorityaddition-kconf_update.upd: Skipping kopeterc:KopeteChatWindowGroupMode:Height 600, already exists.
2017-02-11T13:04:49 kopete-jabberpriorityaddition-kconf_update.upd: Skipping kopeterc:KopeteChatWindowGroupMode:Height 768, already exists.
2017-02-11T13:04:49 kopete-jabberpriorityaddition-kconf_update.upd: Skipping kopeterc:KopeteChatWindowGroupMode:Height 800, already exists.
2017-02-11T13:04:49 kopete-jabberpriorityaddition-kconf_update.upd: Skipping kopeterc:KopeteChatWindowGroupMode:Width 1024, already exists.
2017-02-11T13:04:49 kopete-jabberpriorityaddition-kconf_update.upd: Skipping kopeterc:KopeteChatWindowGroupMode:Width 1280, already exists.
2017-02-11T13:04:49 kopete-jabberpriorityaddition-kconf_update.upd: Skipping kopeterc:KopeteChatWindowGroupMode:Width 1400, already exists.
2017-02-11T13:04:49 kopete-jabberpriorityaddition-kconf_update.upd: Skipping kopeterc:KopeteChatWindowGroupMode:Width 1450, already exists.
2017-02-11T13:04:49 kopete-jabberpriorityaddition-kconf_update.upd: Skipping kopeterc:KopeteChatWindowGroupMode:Width 1600, already exists.
2017-02-11T13:04:49 kopete-jabberpriorityaddition-kconf_update.upd: Skipping kopeterc:KopeteChatWindowGroupMode:Width 1900, already exists.
2017-02-11T13:04:49 kopete-jabberpriorityaddition-kconf_update.upd: Skipping kopeterc:KopeteChatWindowGroupMode:Width 800, already exists.
2017-02-11T13:04:49 kopete-jabberpriorityaddition-kconf_update.upd: Skipping kopeterc:KopeteChatWindowIndividualMode:Height 1024, already exists.
2017-02-11T13:04:49 kopete-jabberpriorityaddition-kconf_update.upd: Skipping kopeterc:KopeteChatWindowIndividualMode:Height 1050, already exists.
2017-02-11T13:04:49 kopete-jabberpriorityaddition-kconf_update.upd: Skipping kopeterc:KopeteChatWindowIndividualMode:Height 1200, already exists.
2017-02-11T13:04:49 kopete-jabberpriorityaddition-kconf_update.upd: Skipping kopeterc:KopeteChatWindowIndividualMode:Height 480, already exists.
2017-02-11T13:04:49 kopete-jabberpriorityaddition-kconf_update.upd: Skipping kopeterc:KopeteChatWindowIndividualMode:Height 600, already exists.
2017-02-11T13:04:49 kopete-jabberpriorityaddition-kconf_update.upd: Skipping kopeterc:KopeteChatWindowIndividualMode:Height 768, already exists.
2017-02-11T13:04:49 kopete-jabberpriorityaddition-kconf_update.upd: Skipping kopeterc:KopeteChatWindowIndividualMode:Height 800, already exists.
2017-02-11T13:04:49 kopete-jabberpriorityaddition-kconf_update.upd: Skipping kopeterc:KopeteChatWindowIndividualMode:Width 1024, already exists.
2017-02-11T13:04:49 kopete-jabberpriorityaddition-kconf_update.upd: Skipping kopeterc:KopeteChatWindowIndividualMode:Width 1280, already exists.
2017-02-11T13:04:49 kopete-jabberpriorityaddition-kconf_update.upd: Skipping kopeterc:KopeteChatWindowIndividualMode:Width 1400, already exists.
2017-02-11T13:04:49 kopete-jabberpriorityaddition-kconf_update.upd: Skipping kopeterc:KopeteChatWindowIndividualMode:Width 1450, already exists.
2017-02-11T13:04:49 kopete-jabberpriorityaddition-kconf_update.upd: Skipping kopeterc:KopeteChatWindowIndividualMode:Width 1600, already exists.
2017-02-11T13:04:49 kopete-jabberpriorityaddition-kconf_update.upd: Skipping kopeterc:KopeteChatWindowIndividualMode:Width 1900, already exists.
2017-02-11T13:04:49 kopete-jabberpriorityaddition-kconf_update.upd: Skipping kopeterc:KopeteChatWindowIndividualMode:Width 800, already exists.
2017-02-11T13:04:49 Checking update-file '/usr/share/kde4/apps/kconf_update/plasma-to-plasmadesktop-shortcuts.upd' for new updates
2017-02-11T13:04:49 plasma-to-plasmadesktop-shortcuts.upd: Found new update '4.3plasma-desktop-shortcuts'
2017-02-11T13:04:49 plasma-to-plasmadesktop-shortcuts.upd: File 'kglobalshortcutsrc' does not exist or empty, skipping
2017-02-11T13:04:50 Checking update-file '/usr/share/kde4/apps/kconf_update/kpilot.upd' for new updates
2017-02-11T13:04:50 kpilot.upd: Found new update 'kdepim_3.3'
2017-02-11T13:04:50 kpilot.upd: File 'kpilotrc' does not exist or empty, skipping
2017-02-11T13:04:50 kpilot.upd: Found new update 'kdepim_3.3_SplitConfig'
2017-02-11T13:04:50 kpilot.upd: File 'kpilotrc' does not exist or empty, skipping
2017-02-11T13:04:50 kpilot.upd: Skipping update 'kdepim_3.3_SplitConfig'
2017-02-11T13:04:50 kpilot.upd: File 'kpilotrc' does not exist or empty, skipping
2017-02-11T13:04:50 Checking update-file '/usr/share/kde4/apps/kconf_update/kwiniconify.upd' for new updates
2017-02-11T13:04:50 kwiniconify.upd: Found new update 'iconifyupd3.1'
2017-02-11T13:04:50 kwiniconify.upd: File 'kwin.eventsrc' does not exist or empty, skipping
2017-02-11T13:04:50 Checking update-file '/usr/share/kde4/apps/kconf_update/kwin3_plugin.upd' for new updates
2017-02-11T13:04:50 kwin3_plugin.upd: Found new update 'kde3.2'
2017-02-11T13:04:50 kwin3_plugin.upd: Running script 'kwin3_plugin.pl'
2017-02-11T13:04:50 kwin3_plugin.upd: Updating kwinrc:Compositing:Enabled to 'false'
2017-02-11T13:04:50 kwin3_plugin.upd: Updating kwinrc:Windows:AutoRaise to 'off'
2017-02-11T13:04:50 kwin3_plugin.upd: Updating kwinrc:Windows:AutoRaiseInterval to '0'
2017-02-11T13:04:50 kwin3_plugin.upd: Updating kwinrc:Windows:BorderSnapZone to '10'
2017-02-11T13:04:50 kwin3_plugin.upd: Updating kwinrc:Windows:ClickRaise to 'on'
2017-02-11T13:04:50 kwin3_plugin.upd: Updating kwinrc:Windows:FocusPolicy to 'ClickToFocus'
2017-02-11T13:04:50 kwin3_plugin.upd: Updating kwinrc:Windows:MoveMode to 'Opaque'
2017-02-11T13:04:50 kwin3_plugin.upd: Updating kwinrc:Windows:ResizeMode to 'Opaque'
2017-02-11T13:04:50 kwin3_plugin.upd: Updating kwinrc:Windows:WindowSnapZone to '10'
2017-02-11T13:04:50 kwin3_plugin.upd: Updating kwinrc:Windows:WindowsPlacement to 'Smart'
2017-02-11T13:04:50 kwin3_plugin.upd: Updating kwinrc:Style:PluginLib to 'kwin3_oxygen'
2017-02-11T13:04:50 kwin3_plugin.upd: Updating kwinrc:Style:ShowToolTips to 'true'
2017-02-11T13:04:50 Checking update-file '/usr/share/kde4/apps/kconf_update/kioslave.upd' for new updates
2017-02-11T13:04:50 kioslave.upd: Found new update 'kde2.2/r1'
2017-02-11T13:04:50 kioslave.upd: File 'kioslaverc' does not exist or empty, skipping
2017-02-11T13:04:50 kioslave.upd: Skipping update 'kde2.2/r1'
2017-02-11T13:04:50 kioslave.upd: File 'kioslaverc' does not exist or empty, skipping
2017-02-11T13:04:50 kioslave.upd: Found new update 'kde2.2/r2'
2017-02-11T13:04:50 kioslave.upd: File 'kioslaverc' does not exist or empty, skipping
2017-02-11T13:04:50 kioslave.upd: Found new update 'kde2.2/r3'
2017-02-11T13:04:50 kioslave.upd: File 'kioslaverc' does not exist or empty, skipping
2017-02-11T13:04:50 Checking update-file '/usr/share/kde4/apps/kconf_update/kopete-nameTracking.upd' for new updates
2017-02-11T13:04:50 kopete-nameTracking.upd: Found new update 'kopete0.9/r1'
2017-02-11T13:04:50 kopete-nameTracking.upd: !! Script 'kopete-nameTracking-kconf_update' not found in line 3 : 'Script=kopete-nameTracking-kconf_update'
2017-02-11T13:04:50 Checking update-file '/usr/share/kde4/apps/kconf_update/kwin_on_off.upd' for new updates
2017-02-11T13:04:50 kwin_on_off.upd: Found new update 'kwin_on_off'
2017-02-11T13:04:50 kwin_on_off.upd: Running script 'on-off_to_true-false.sh'
2017-02-11T13:04:51 Checking update-file '/usr/share/kde4/apps/kconf_update/kalarm.upd' for new updates
2017-02-11T13:04:51 kalarm.upd: Found new update '1.9.5'
2017-02-11T13:04:51 kalarm.upd: File 'kalarmrc' does not exist or empty, skipping
2017-02-11T13:04:51 kalarm.upd: Found new update '1.9.9'
2017-02-11T13:04:51 kalarm.upd: File 'kalarmrc' does not exist or empty, skipping
2017-02-11T13:04:51 kalarm.upd: Found new update '1.9.12'
2017-02-11T13:04:51 kalarm.upd: File 'kalarmrc' does not exist or empty, skipping
2017-02-11T13:04:51 kalarm.upd: Found new update '2.0.0'
2017-02-11T13:04:51 kalarm.upd: File 'kalarmrc' does not exist or empty, skipping
2017-02-11T13:04:51 kalarm.upd: Found new update '2.0.2'
2017-02-11T13:04:51 kalarm.upd: File 'kalarmrc' does not exist or empty, skipping
2017-02-11T13:04:51 kalarm.upd: Found new update '2.1.5'
2017-02-11T13:04:51 kalarm.upd: File 'kalarmrc' does not exist or empty, skipping
2017-02-11T13:04:51 Checking update-file '/usr/share/kde4/apps/kconf_update/kcalcrc.upd' for new updates
2017-02-11T13:04:51 kcalcrc.upd: Found new update 'KDE_3_2_0'
2017-02-11T13:04:51 kcalcrc.upd: File 'kcalcrc' does not exist or empty, skipping
2017-02-11T13:04:51 kcalcrc.upd: Found new update 'KDE_4_3_0'
2017-02-11T13:04:51 kcalcrc.upd: File 'kcalcrc' does not exist or empty, skipping
2017-02-11T13:04:52 Checking update-file '/usr/share/kde4/apps/kconf_update/plasmarc-to-plasmadesktoprc.upd' for new updates
2017-02-11T13:04:52 plasmarc-to-plasmadesktoprc.upd: Found new update '4.3plasma-desktop'
2017-02-11T13:04:52 plasmarc-to-plasmadesktoprc.upd: Running script 'plasma-to-plasma-desktop'
2017-02-11T13:04:52 Checking update-file '/usr/share/kde4/apps/kconf_update/krdb.upd' for new updates
2017-02-11T13:04:52 krdb.upd: Found new update 'LibraryPathNeedsANewStart'
2017-02-11T13:04:52 krdb.upd: Running script 'krdb_clearlibrarypath'
2017-02-11T13:04:52 Checking update-file '/usr/share/kde4/apps/kconf_update/kcharselect.upd' for new updates
2017-02-11T13:04:52 kcharselect.upd: Found new update '1'
2017-02-11T13:04:52 kcharselect.upd: File 'kcharselectrc' does not exist or empty, skipping
2017-02-11T13:04:52 Checking update-file '/usr/share/kde4/apps/kconf_update/audiocd.upd' for new updates
2017-02-11T13:04:52 audiocd.upd: Found new update '1'
2017-02-11T13:04:52 audiocd.upd: File 'kcmaudiocdrc' does not exist or empty, skipping
2017-02-12T16:00:01 Checking update-file '/usr/share/kde4/apps/kconf_update/krdb.upd' for new updates
2017-02-12T16:00:01 Checking update-file '/usr/share/kde4/apps/kconf_update/kopete-gaim_to_pidgin_style.upd' for new updates
2017-02-12T16:00:01 Checking update-file '/usr/share/kde4/apps/kconf_update/kwin_fsp_workarounds_1.upd' for new updates
2017-02-12T16:00:01 Checking update-file '/usr/share/kde4/apps/kconf_update/kopete-pluginloader2.upd' for new updates
2017-02-12T16:00:01 Checking update-file '/usr/share/kde4/apps/kconf_update/kwin_window_shortcuts.upd' for new updates
2017-02-12T16:00:01 Checking update-file '/usr/share/kde4/apps/kconf_update/konqsidebartng.upd' for new updates
2017-02-12T16:00:01 Checking update-file '/usr/share/kde4/apps/kconf_update/devicepreference.upd' for new updates
2017-02-12T16:00:01 Checking update-file '/usr/share/kde4/apps/kconf_update/mailtransports.upd' for new updates
2017-02-12T16:00:01 Checking update-file '/usr/share/kde4/apps/kconf_update/kcmdisplayrc.upd' for new updates
2017-02-12T16:00:01 Checking update-file '/usr/share/kde4/apps/kconf_update/plasmarc-to-plasmadesktoprc.upd' for new updates
2017-02-12T16:00:01 Checking update-file '/usr/share/kde4/apps/kconf_update/kopete-update_yahoo_server.upd' for new updates
2017-02-12T16:00:02 Checking update-file '/usr/share/kde4/apps/kconf_update/kcookiescfg.upd' for new updates
2017-02-12T16:00:02 Checking update-file '/usr/share/kde4/apps/kconf_update/kpat_update_cardwidth.upd' for new updates
2017-02-12T16:00:02 Checking update-file '/usr/share/kde4/apps/kconf_update/kioslave.upd' for new updates
2017-02-12T16:00:02 kioslave.upd: Found new update 'kde2.2/r1'
2017-02-12T16:00:02 kioslave.upd: Skipping update 'kde2.2/r1'
2017-02-12T16:00:02 kioslave.upd: File 'kioslaverc' does not exist or empty, skipping
2017-02-12T16:00:02 Checking update-file '/usr/share/kde4/apps/kconf_update/kio_help.upd' for new updates
2017-02-12T16:00:02 Checking update-file '/usr/share/kde4/apps/kconf_update/ksmserver.upd' for new updates
2017-02-12T16:00:02 Checking update-file '/usr/share/kde4/apps/kconf_update/korganizer.upd' for new updates
2017-02-12T16:00:02 Checking update-file '/usr/share/kde4/apps/kconf_update/kwin3_plugin.upd' for new updates
2017-02-12T16:00:02 Checking update-file '/usr/share/kde4/apps/kconf_update/plasma-add-shortcut-to-menu.upd' for new updates
2017-02-12T16:00:02 plasma-add-shortcut-to-menu.upd: Found new update '4.1LauncherShortcut'
2017-02-12T16:00:02 plasma-add-shortcut-to-menu.upd: !! Script 'plasma-add-shortcut-to-menu-update' not found in line 2 : 'Script=plasma-add-shortcut-to-menu-update'
2017-02-12T16:00:02 Checking update-file '/usr/share/kde4/apps/kconf_update/kcalcrc.upd' for new updates
2017-02-12T16:00:02 Checking update-file '/usr/share/kde4/apps/kconf_update/kaccel.upd' for new updates
2017-02-12T16:00:02 Checking update-file '/usr/share/kde4/apps/kconf_update/kwinsticky.upd' for new updates
2017-02-12T16:00:02 Checking update-file '/usr/share/kde4/apps/kconf_update/kwin_on_off.upd' for new updates
2017-02-12T16:00:02 Checking update-file '/usr/share/kde4/apps/kconf_update/kwin.upd' for new updates
2017-02-12T16:00:02 Checking update-file '/usr/share/kde4/apps/kconf_update/kwin_focus2.upd' for new updates
2017-02-12T16:00:02 Checking update-file '/usr/share/kde4/apps/kconf_update/kpilot.upd' for new updates
2017-02-12T16:00:02 kpilot.upd: Found new update 'kdepim_3.3_SplitConfig'
2017-02-12T16:00:02 kpilot.upd: Skipping update 'kdepim_3.3_SplitConfig'
2017-02-12T16:00:02 kpilot.upd: File 'kpilotrc' does not exist or empty, skipping
2017-02-12T16:00:02 Checking update-file '/usr/share/kde4/apps/kconf_update/kcmcddb-emailsettings.upd' for new updates
2017-02-12T16:00:02 Checking update-file '/usr/share/kde4/apps/kconf_update/kuriikwsfilter.upd' for new updates
2017-02-12T16:00:03 Checking update-file '/usr/share/kde4/apps/kconf_update/kwin_focus1.upd' for new updates
2017-02-12T16:00:03 Checking update-file '/usr/share/kde4/apps/kconf_update/kolab-resource.upd' for new updates
2017-02-12T16:00:03 Checking update-file '/usr/share/kde4/apps/kconf_update/kopete-jabberproxytype-kconf_update.upd' for new updates
2017-02-12T16:00:03 Checking update-file '/usr/share/kde4/apps/kconf_update/plasma_popupapplet_fix_groups.upd' for new updates
2017-02-12T16:00:03 Checking update-file '/usr/share/kde4/apps/kconf_update/kalarm.upd' for new updates
2017-02-12T16:00:03 Checking update-file '/usr/share/kde4/apps/kconf_update/favicons.upd' for new updates
2017-02-12T16:00:03 Checking update-file '/usr/share/kde4/apps/kconf_update/kcharselect.upd' for new updates
2017-02-12T16:00:03 Checking update-file '/usr/share/kde4/apps/kconf_update/kopete-account-kconf_update.upd' for new updates
2017-02-12T16:00:03 Checking update-file '/usr/share/kde4/apps/kconf_update/klipper-kconfigxt.upd' for new updates
2017-02-12T16:00:03 Checking update-file '/usr/share/kde4/apps/kconf_update/kwiniconify.upd' for new updates
2017-02-12T16:00:03 Checking update-file '/usr/share/kde4/apps/kconf_update/audiocd.upd' for new updates
2017-02-12T16:00:03 Checking update-file '/usr/share/kde4/apps/kconf_update/kwinupdatewindowsettings.upd' for new updates
2017-02-12T16:00:04 Checking update-file '/usr/share/kde4/apps/kconf_update/kmail.upd' for new updates
2017-02-12T16:00:04 Checking update-file '/usr/share/kde4/apps/kconf_update/kfmclient_3_2.upd' for new updates
2017-02-12T16:00:04 Checking update-file '/usr/share/kde4/apps/kconf_update/kded.upd' for new updates
2017-02-12T16:00:04 Checking update-file '/usr/share/kde4/apps/kconf_update/kpgp.upd' for new updates
2017-02-12T16:00:04 Checking update-file '/usr/share/kde4/apps/kconf_update/mouse_cursor_theme.upd' for new updates
2017-02-12T16:00:04 Checking update-file '/usr/share/kde4/apps/kconf_update/plasma-to-plasmadesktop-shortcuts.upd' for new updates
2017-02-12T16:00:04 Checking update-file '/usr/share/kde4/apps/kconf_update/kopete-jabberpriorityaddition-kconf_update.upd' for new updates
2017-02-12T16:00:04 Checking update-file '/usr/share/kde4/apps/kconf_update/kopete-pluginloader.upd' for new updates
2017-02-12T16:00:04 Checking update-file '/usr/share/kde4/apps/kconf_update/ksslcertificatemanager.upd' for new updates
2017-02-12T16:00:04 Checking update-file '/usr/share/kde4/apps/kconf_update/kopete-initialstatus.upd' for new updates
2017-02-12T16:00:04 Checking update-file '/usr/share/kde4/apps/kconf_update/kopete-nameTracking.upd' for new updates
2017-02-12T16:00:04 kopete-nameTracking.upd: Found new update 'kopete0.9/r1'
2017-02-12T16:00:04 kopete-nameTracking.upd: Skipping update 'kopete0.9/r1'
2017-02-15T16:04:02 Checking update-file '/usr/share/kde4/apps/kconf_update/favicons.upd' for new updates
2017-02-15T16:04:02 Checking update-file '/usr/share/kde4/apps/kconf_update/kwin_focus1.upd' for new updates
2017-02-15T16:04:02 Checking update-file '/usr/share/kde4/apps/kconf_update/kwin.upd' for new updates
2017-02-15T16:04:02 Checking update-file '/usr/share/kde4/apps/kconf_update/kwin3_plugin.upd' for new updates
2017-02-15T16:04:02 Checking update-file '/usr/share/kde4/apps/kconf_update/kpgp.upd' for new updates
2017-02-15T16:04:02 Checking update-file '/usr/share/kde4/apps/kconf_update/kopete-initialstatus.upd' for new updates
2017-02-15T16:04:02 Checking update-file '/usr/share/kde4/apps/kconf_update/kpat_update_cardwidth.upd' for new updates
2017-02-15T16:04:02 Checking update-file '/usr/share/kde4/apps/kconf_update/korganizer.upd' for new updates
2017-02-15T16:04:02 Checking update-file '/usr/share/kde4/apps/kconf_update/konqsidebartng.upd' for new updates
2017-02-15T16:04:03 Checking update-file '/usr/share/kde4/apps/kconf_update/devicepreference.upd' for new updates
2017-02-15T16:04:03 Checking update-file '/usr/share/kde4/apps/kconf_update/kwinupdatewindowsettings.upd' for new updates
2017-02-15T16:04:03 Checking update-file '/usr/share/kde4/apps/kconf_update/kopete-jabberpriorityaddition-kconf_update.upd' for new updates
2017-02-15T16:04:03 Checking update-file '/usr/share/kde4/apps/kconf_update/kopete-account-kconf_update.upd' for new updates
2017-02-15T16:04:03 Checking update-file '/usr/share/kde4/apps/kconf_update/kopete-pluginloader.upd' for new updates
2017-02-15T16:04:03 Checking update-file '/usr/share/kde4/apps/kconf_update/mailtransports.upd' for new updates
2017-02-15T16:04:04 Checking update-file '/usr/share/kde4/apps/kconf_update/plasma-add-shortcut-to-menu.upd' for new updates
2017-02-15T16:04:04 plasma-add-shortcut-to-menu.upd: Found new update '4.1LauncherShortcut'
2017-02-15T16:04:04 plasma-add-shortcut-to-menu.upd: !! Script 'plasma-add-shortcut-to-menu-update' not found in line 2 : 'Script=plasma-add-shortcut-to-menu-update'
2017-02-15T16:04:04 Checking update-file '/usr/share/kde4/apps/kconf_update/kcookiescfg.upd' for new updates
2017-02-15T16:04:04 Checking update-file '/usr/share/kde4/apps/kconf_update/klipper-kconfigxt.upd' for new updates
2017-02-15T16:04:04 Checking update-file '/usr/share/kde4/apps/kconf_update/krdb.upd' for new updates
2017-02-15T16:04:04 Checking update-file '/usr/share/kde4/apps/kconf_update/kopete-update_yahoo_server.upd' for new updates
2017-02-15T16:04:05 Checking update-file '/usr/share/kde4/apps/kconf_update/kuriikwsfilter.upd' for new updates
2017-02-15T16:04:05 Checking update-file '/usr/share/kde4/apps/kconf_update/mouse_cursor_theme.upd' for new updates
2017-02-15T16:04:05 Checking update-file '/usr/share/kde4/apps/kconf_update/audiocd.upd' for new updates
2017-02-15T16:04:06 Checking update-file '/usr/share/kde4/apps/kconf_update/kmail.upd' for new updates
2017-02-15T16:04:06 Checking update-file '/usr/share/kde4/apps/kconf_update/kpilot.upd' for new updates
2017-02-15T16:04:06 kpilot.upd: Found new update 'kdepim_3.3_SplitConfig'
2017-02-15T16:04:06 kpilot.upd: Skipping update 'kdepim_3.3_SplitConfig'
2017-02-15T16:04:06 kpilot.upd: File 'kpilotrc' does not exist or empty, skipping
2017-02-15T16:04:06 Checking update-file '/usr/share/kde4/apps/kconf_update/kioslave.upd' for new updates
2017-02-15T16:04:06 kioslave.upd: Found new update 'kde2.2/r1'
2017-02-15T16:04:06 kioslave.upd: Skipping update 'kde2.2/r1'
2017-02-15T16:04:06 kioslave.upd: File 'kioslaverc' does not exist or empty, skipping
2017-02-15T16:04:06 Checking update-file '/usr/share/kde4/apps/kconf_update/kalarm.upd' for new updates
2017-02-15T16:04:06 Checking update-file '/usr/share/kde4/apps/kconf_update/kded.upd' for new updates
2017-02-15T16:04:06 Checking update-file '/usr/share/kde4/apps/kconf_update/kcmdisplayrc.upd' for new updates
2017-02-15T16:04:06 Checking update-file '/usr/share/kde4/apps/kconf_update/kio_help.upd' for new updates
2017-02-15T16:04:06 Checking update-file '/usr/share/kde4/apps/kconf_update/kopete-nameTracking.upd' for new updates
2017-02-15T16:04:06 kopete-nameTracking.upd: Found new update 'kopete0.9/r1'
2017-02-15T16:04:06 kopete-nameTracking.upd: Skipping update 'kopete0.9/r1'
2017-02-15T16:04:07 Checking update-file '/usr/share/kde4/apps/kconf_update/plasma-to-plasmadesktop-shortcuts.upd' for new updates
2017-02-15T16:04:07 Checking update-file '/usr/share/kde4/apps/kconf_update/kaccel.upd' for new updates
2017-02-15T16:04:07 Checking update-file '/usr/share/kde4/apps/kconf_update/kwin_on_off.upd' for new updates
2017-02-15T16:04:07 Checking update-file '/usr/share/kde4/apps/kconf_update/ksmserver.upd' for new updates
2017-02-15T16:04:07 Checking update-file '/usr/share/kde4/apps/kconf_update/kcalcrc.upd' for new updates
2017-02-15T16:04:07 Checking update-file '/usr/share/kde4/apps/kconf_update/kcmcddb-emailsettings.upd' for new updates
2017-02-15T16:04:07 Checking update-file '/usr/share/kde4/apps/kconf_update/kopete-jabberproxytype-kconf_update.upd' for new updates
2017-02-15T16:04:07 Checking update-file '/usr/share/kde4/apps/kconf_update/kwinsticky.upd' for new updates
2017-02-15T16:04:08 Checking update-file '/usr/share/kde4/apps/kconf_update/kwin_window_shortcuts.upd' for new updates
2017-02-15T16:04:08 Checking update-file '/usr/share/kde4/apps/kconf_update/kolab-resource.upd' for new updates
2017-02-15T16:04:08 Checking update-file '/usr/share/kde4/apps/kconf_update/kwin_fsp_workarounds_1.upd' for new updates
2017-02-15T16:04:08 Checking update-file '/usr/share/kde4/apps/kconf_update/plasma_popupapplet_fix_groups.upd' for new updates
2017-02-15T16:04:08 Checking update-file '/usr/share/kde4/apps/kconf_update/kfmclient_3_2.upd' for new updates
2017-02-15T16:04:08 Checking update-file '/usr/share/kde4/apps/kconf_update/kcharselect.upd' for new updates
2017-02-15T16:04:09 Checking update-file '/usr/share/kde4/apps/kconf_update/kopete-pluginloader2.upd' for new updates
2017-02-15T16:04:09 Checking update-file '/usr/share/kde4/apps/kconf_update/kwin_focus2.upd' for new updates
2017-02-15T16:04:09 Checking update-file '/usr/share/kde4/apps/kconf_update/plasmarc-to-plasmadesktoprc.upd' for new updates
2017-02-15T16:04:09 Checking update-file '/usr/share/kde4/apps/kconf_update/ksslcertificatemanager.upd' for new updates
2017-02-15T16:04:09 Checking update-file '/usr/share/kde4/apps/kconf_update/kopete-gaim_to_pidgin_style.upd' for new updates
2017-02-15T16:04:09 Checking update-file '/usr/share/kde4/apps/kconf_update/kwiniconify.upd' for new updates
2017-02-18T11:36:03 Checking update-file '/usr/share/kde4/apps/kconf_update/ksslcertificatemanager.upd' for new updates
2017-02-18T11:36:03 Checking update-file '/usr/share/kde4/apps/kconf_update/kopete-jabberproxytype-kconf_update.upd' for new updates
2017-02-18T11:36:03 Checking update-file '/usr/share/kde4/apps/kconf_update/kopete-gaim_to_pidgin_style.upd' for new updates
2017-02-18T11:36:03 Checking update-file '/usr/share/kde4/apps/kconf_update/audiocd.upd' for new updates
2017-02-18T11:36:03 Checking update-file '/usr/share/kde4/apps/kconf_update/kuriikwsfilter.upd' for new updates
2017-02-18T11:36:03 Checking update-file '/usr/share/kde4/apps/kconf_update/kcookiescfg.upd' for new updates
2017-02-18T11:36:03 Checking update-file '/usr/share/kde4/apps/kconf_update/kioslave.upd' for new updates
2017-02-18T11:36:03 kioslave.upd: Found new update 'kde2.2/r1'
2017-02-18T11:36:03 kioslave.upd: Skipping update 'kde2.2/r1'
2017-02-18T11:36:03 kioslave.upd: File 'kioslaverc' does not exist or empty, skipping
2017-02-18T11:36:03 Checking update-file '/usr/share/kde4/apps/kconf_update/kcmdisplayrc.upd' for new updates
2017-02-18T11:36:03 Checking update-file '/usr/share/kde4/apps/kconf_update/plasma-add-shortcut-to-menu.upd' for new updates
2017-02-18T11:36:03 plasma-add-shortcut-to-menu.upd: Found new update '4.1LauncherShortcut'
2017-02-18T11:36:03 plasma-add-shortcut-to-menu.upd: !! Script 'plasma-add-shortcut-to-menu-update' not found in line 2 : 'Script=plasma-add-shortcut-to-menu-update'
2017-02-18T11:36:03 Checking update-file '/usr/share/kde4/apps/kconf_update/kmail.upd' for new updates
2017-02-18T11:36:03 Checking update-file '/usr/share/kde4/apps/kconf_update/kpilot.upd' for new updates
2017-02-18T11:36:03 kpilot.upd: Found new update 'kdepim_3.3_SplitConfig'
2017-02-18T11:36:03 kpilot.upd: Skipping update 'kdepim_3.3_SplitConfig'
2017-02-18T11:36:03 kpilot.upd: File 'kpilotrc' does not exist or empty, skipping
2017-02-18T11:36:04 Checking update-file '/usr/share/kde4/apps/kconf_update/konqsidebartng.upd' for new updates
2017-02-18T11:36:04 Checking update-file '/usr/share/kde4/apps/kconf_update/favicons.upd' for new updates
2017-02-18T11:36:04 Checking update-file '/usr/share/kde4/apps/kconf_update/kopete-pluginloader2.upd' for new updates
2017-02-18T11:36:04 Checking update-file '/usr/share/kde4/apps/kconf_update/kopete-initialstatus.upd' for new updates
2017-02-18T11:36:04 Checking update-file '/usr/share/kde4/apps/kconf_update/kwiniconify.upd' for new updates
2017-02-18T11:36:04 Checking update-file '/usr/share/kde4/apps/kconf_update/plasma_popupapplet_fix_groups.upd' for new updates
2017-02-18T11:36:04 Checking update-file '/usr/share/kde4/apps/kconf_update/plasmarc-to-plasmadesktoprc.upd' for new updates
2017-02-18T11:36:04 Checking update-file '/usr/share/kde4/apps/kconf_update/kfmclient_3_2.upd' for new updates
2017-02-18T11:36:04 Checking update-file '/usr/share/kde4/apps/kconf_update/korganizer.upd' for new updates
2017-02-18T11:36:04 Checking update-file '/usr/share/kde4/apps/kconf_update/mouse_cursor_theme.upd' for new updates
2017-02-18T11:36:04 Checking update-file '/usr/share/kde4/apps/kconf_update/kcalcrc.upd' for new updates
2017-02-18T11:36:05 Checking update-file '/usr/share/kde4/apps/kconf_update/kwinupdatewindowsettings.upd' for new updates
2017-02-18T11:36:05 Checking update-file '/usr/share/kde4/apps/kconf_update/kded.upd' for new updates
2017-02-18T11:36:05 Checking update-file '/usr/share/kde4/apps/kconf_update/klipper-kconfigxt.upd' for new updates
2017-02-18T11:36:05 Checking update-file '/usr/share/kde4/apps/kconf_update/kwin_fsp_workarounds_1.upd' for new updates
2017-02-18T11:36:05 Checking update-file '/usr/share/kde4/apps/kconf_update/kopete-update_yahoo_server.upd' for new updates
2017-02-18T11:36:05 Checking update-file '/usr/share/kde4/apps/kconf_update/kwin_focus1.upd' for new updates
2017-02-18T11:36:05 Checking update-file '/usr/share/kde4/apps/kconf_update/kcharselect.upd' for new updates
2017-02-18T11:36:05 Checking update-file '/usr/share/kde4/apps/kconf_update/kopete-jabberpriorityaddition-kconf_update.upd' for new updates
2017-02-18T11:36:05 Checking update-file '/usr/share/kde4/apps/kconf_update/kwin_focus2.upd' for new updates
2017-02-18T11:36:05 Checking update-file '/usr/share/kde4/apps/kconf_update/kcmcddb-emailsettings.upd' for new updates
2017-02-18T11:36:05 Checking update-file '/usr/share/kde4/apps/kconf_update/kaccel.upd' for new updates
2017-02-18T11:36:05 Checking update-file '/usr/share/kde4/apps/kconf_update/kopete-pluginloader.upd' for new updates
2017-02-18T11:36:05 Checking update-file '/usr/share/kde4/apps/kconf_update/kwin.upd' for new updates
2017-02-18T11:36:05 Checking update-file '/usr/share/kde4/apps/kconf_update/kio_help.upd' for new updates
2017-02-18T11:36:06 Checking update-file '/usr/share/kde4/apps/kconf_update/kpgp.upd' for new updates
2017-02-18T11:36:06 Checking update-file '/usr/share/kde4/apps/kconf_update/ksmserver.upd' for new updates
2017-02-18T11:36:06 Checking update-file '/usr/share/kde4/apps/kconf_update/plasma-to-plasmadesktop-shortcuts.upd' for new updates
2017-02-18T11:36:06 Checking update-file '/usr/share/kde4/apps/kconf_update/kolab-resource.upd' for new updates
2017-02-18T11:36:06 Checking update-file '/usr/share/kde4/apps/kconf_update/devicepreference.upd' for new updates
2017-02-18T11:36:06 Checking update-file '/usr/share/kde4/apps/kconf_update/kopete-account-kconf_update.upd' for new updates
2017-02-18T11:36:06 Checking update-file '/usr/share/kde4/apps/kconf_update/kwin_window_shortcuts.upd' for new updates
2017-02-18T11:36:06 Checking update-file '/usr/share/kde4/apps/kconf_update/kwin3_plugin.upd' for new updates
2017-02-18T11:36:06 Checking update-file '/usr/share/kde4/apps/kconf_update/krdb.upd' for new updates
2017-02-18T11:36:06 Checking update-file '/usr/share/kde4/apps/kconf_update/kpat_update_cardwidth.upd' for new updates
2017-02-18T11:36:06 Checking update-file '/usr/share/kde4/apps/kconf_update/kwinsticky.upd' for new updates
2017-02-18T11:36:06 Checking update-file '/usr/share/kde4/apps/kconf_update/kwin_on_off.upd' for new updates
2017-02-18T11:36:06 Checking update-file '/usr/share/kde4/apps/kconf_update/kopete-nameTracking.upd' for new updates
2017-02-18T11:36:06 kopete-nameTracking.upd: Found new update 'kopete0.9/r1'
2017-02-18T11:36:06 kopete-nameTracking.upd: Skipping update 'kopete0.9/r1'
2017-02-18T11:36:06 Checking update-file '/usr/share/kde4/apps/kconf_update/kalarm.upd' for new updates
2017-02-18T11:36:07 Checking update-file '/usr/share/kde4/apps/kconf_update/mailtransports.upd' for new updates
2017-02-19T11:00:53 Checking update-file '/usr/share/kde4/apps/kconf_update/mailtransports.upd' for new updates
2017-02-19T11:00:53 Checking update-file '/usr/share/kde4/apps/kconf_update/kwinupdatewindowsettings.upd' for new updates
2017-02-19T11:00:54 Checking update-file '/usr/share/kde4/apps/kconf_update/kpat_update_cardwidth.upd' for new updates
2017-02-19T11:00:54 Checking update-file '/usr/share/kde4/apps/kconf_update/audiocd.upd' for new updates
2017-02-19T11:00:54 Checking update-file '/usr/share/kde4/apps/kconf_update/favicons.upd' for new updates
2017-02-19T11:00:54 Checking update-file '/usr/share/kde4/apps/kconf_update/kopete-gaim_to_pidgin_style.upd' for new updates
2017-02-19T11:00:54 Checking update-file '/usr/share/kde4/apps/kconf_update/kwinsticky.upd' for new updates
2017-02-19T11:00:54 Checking update-file '/usr/share/kde4/apps/kconf_update/kaccel.upd' for new updates
2017-02-19T11:00:54 Checking update-file '/usr/share/kde4/apps/kconf_update/kwin3_plugin.upd' for new updates
2017-02-19T11:00:54 Checking update-file '/usr/share/kde4/apps/kconf_update/kopete-pluginloader.upd' for new updates
2017-02-19T11:00:54 Checking update-file '/usr/share/kde4/apps/kconf_update/kopete-update_yahoo_server.upd' for new updates
2017-02-19T11:00:54 Checking update-file '/usr/share/kde4/apps/kconf_update/ksmserver.upd' for new updates
2017-02-19T11:00:54 Checking update-file '/usr/share/kde4/apps/kconf_update/kcookiescfg.upd' for new updates
2017-02-19T11:00:54 Checking update-file '/usr/share/kde4/apps/kconf_update/kwin_fsp_workarounds_1.upd' for new updates
2017-02-19T11:00:54 Checking update-file '/usr/share/kde4/apps/kconf_update/kopete-pluginloader2.upd' for new updates
2017-02-19T11:00:54 Checking update-file '/usr/share/kde4/apps/kconf_update/kopete-jabberproxytype-kconf_update.upd' for new updates
2017-02-19T11:00:54 Checking update-file '/usr/share/kde4/apps/kconf_update/kuriikwsfilter.upd' for new updates
2017-02-19T11:00:54 Checking update-file '/usr/share/kde4/apps/kconf_update/konqsidebartng.upd' for new updates
2017-02-19T11:00:54 Checking update-file '/usr/share/kde4/apps/kconf_update/plasma-to-plasmadesktop-shortcuts.upd' for new updates
2017-02-19T11:00:54 Checking update-file '/usr/share/kde4/apps/kconf_update/plasmarc-to-plasmadesktoprc.upd' for new updates
2017-02-19T11:00:54 Checking update-file '/usr/share/kde4/apps/kconf_update/kwin_focus2.upd' for new updates
2017-02-19T11:00:54 Checking update-file '/usr/share/kde4/apps/kconf_update/kopete-jabberpriorityaddition-kconf_update.upd' for new updates
2017-02-19T11:00:54 Checking update-file '/usr/share/kde4/apps/kconf_update/kioslave.upd' for new updates
2017-02-19T11:00:54 kioslave.upd: Found new update 'kde2.2/r1'
2017-02-19T11:00:54 kioslave.upd: Skipping update 'kde2.2/r1'
2017-02-19T11:00:54 kioslave.upd: File 'kioslaverc' does not exist or empty, skipping
2017-02-19T11:00:54 Checking update-file '/usr/share/kde4/apps/kconf_update/kopete-account-kconf_update.upd' for new updates
2017-02-19T11:00:55 Checking update-file '/usr/share/kde4/apps/kconf_update/plasma_popupapplet_fix_groups.upd' for new updates
2017-02-19T11:00:55 Checking update-file '/usr/share/kde4/apps/kconf_update/kalarm.upd' for new updates
2017-02-19T11:00:55 Checking update-file '/usr/share/kde4/apps/kconf_update/krdb.upd' for new updates
2017-02-19T11:00:55 Checking update-file '/usr/share/kde4/apps/kconf_update/kded.upd' for new updates
2017-02-19T11:00:55 Checking update-file '/usr/share/kde4/apps/kconf_update/kcmcddb-emailsettings.upd' for new updates
2017-02-19T11:00:55 Checking update-file '/usr/share/kde4/apps/kconf_update/kcharselect.upd' for new updates
2017-02-19T11:00:55 Checking update-file '/usr/share/kde4/apps/kconf_update/kpilot.upd' for new updates
2017-02-19T11:00:55 kpilot.upd: Found new update 'kdepim_3.3_SplitConfig'
2017-02-19T11:00:55 kpilot.upd: Skipping update 'kdepim_3.3_SplitConfig'
2017-02-19T11:00:55 kpilot.upd: File 'kpilotrc' does not exist or empty, skipping
2017-02-19T11:00:55 Checking update-file '/usr/share/kde4/apps/kconf_update/kwin_window_shortcuts.upd' for new updates
2017-02-19T11:00:55 Checking update-file '/usr/share/kde4/apps/kconf_update/devicepreference.upd' for new updates
2017-02-19T11:00:55 Checking update-file '/usr/share/kde4/apps/kconf_update/kfmclient_3_2.upd' for new updates
2017-02-19T11:00:55 Checking update-file '/usr/share/kde4/apps/kconf_update/kolab-resource.upd' for new updates
2017-02-19T11:00:55 Checking update-file '/usr/share/kde4/apps/kconf_update/ksslcertificatemanager.upd' for new updates
2017-02-19T11:00:55 Checking update-file '/usr/share/kde4/apps/kconf_update/kopete-initialstatus.upd' for new updates
2017-02-19T11:00:55 Checking update-file '/usr/share/kde4/apps/kconf_update/korganizer.upd' for new updates
2017-02-19T11:00:55 Checking update-file '/usr/share/kde4/apps/kconf_update/kcalcrc.upd' for new updates
2017-02-19T11:00:55 Checking update-file '/usr/share/kde4/apps/kconf_update/kopete-nameTracking.upd' for new updates
2017-02-19T11:00:55 kopete-nameTracking.upd: Found new update 'kopete0.9/r1'
2017-02-19T11:00:55 kopete-nameTracking.upd: Skipping update 'kopete0.9/r1'
2017-02-19T11:00:55 Checking update-file '/usr/share/kde4/apps/kconf_update/mouse_cursor_theme.upd' for new updates
2017-02-19T11:00:55 Checking update-file '/usr/share/kde4/apps/kconf_update/kwiniconify.upd' for new updates
2017-02-19T11:00:55 Checking update-file '/usr/share/kde4/apps/kconf_update/kmail.upd' for new updates
2017-02-19T11:00:55 Checking update-file '/usr/share/kde4/apps/kconf_update/plasma-add-shortcut-to-menu.upd' for new updates
2017-02-19T11:00:55 plasma-add-shortcut-to-menu.upd: Found new update '4.1LauncherShortcut'
2017-02-19T11:00:55 plasma-add-shortcut-to-menu.upd: !! Script 'plasma-add-shortcut-to-menu-update' not found in line 2 : 'Script=plasma-add-shortcut-to-menu-update'
2017-02-19T11:00:56 Checking update-file '/usr/share/kde4/apps/kconf_update/kio_help.upd' for new updates
2017-02-19T11:00:56 Checking update-file '/usr/share/kde4/apps/kconf_update/kpgp.upd' for new updates
2017-02-19T11:00:56 Checking update-file '/usr/share/kde4/apps/kconf_update/kwin.upd' for new updates
2017-02-19T11:00:56 Checking update-file '/usr/share/kde4/apps/kconf_update/kwin_on_off.upd' for new updates
2017-02-19T11:00:56 Checking update-file '/usr/share/kde4/apps/kconf_update/klipper-kconfigxt.upd' for new updates
2017-02-19T11:00:56 Checking update-file '/usr/share/kde4/apps/kconf_update/kcmdisplayrc.upd' for new updates
2017-02-19T11:00:56 Checking update-file '/usr/share/kde4/apps/kconf_update/kwin_focus1.upd' for new updates
2017-02-19T13:31:30 Checking update-file '/usr/share/kde4/apps/kconf_update/krdb.upd' for new updates
2017-02-19T13:31:30 Checking update-file '/usr/share/kde4/apps/kconf_update/kopete-gaim_to_pidgin_style.upd' for new updates
2017-02-19T13:31:30 Checking update-file '/usr/share/kde4/apps/kconf_update/kwin_fsp_workarounds_1.upd' for new updates
2017-02-19T13:31:30 Checking update-file '/usr/share/kde4/apps/kconf_update/kopete-pluginloader2.upd' for new updates
2017-02-19T13:31:30 Checking update-file '/usr/share/kde4/apps/kconf_update/kwin_window_shortcuts.upd' for new updates
2017-02-19T13:31:30 Checking update-file '/usr/share/kde4/apps/kconf_update/konqsidebartng.upd' for new updates
2017-02-19T13:31:30 Checking update-file '/usr/share/kde4/apps/kconf_update/devicepreference.upd' for new updates
2017-02-19T13:31:30 Checking update-file '/usr/share/kde4/apps/kconf_update/mailtransports.upd' for new updates
2017-02-19T13:31:30 Checking update-file '/usr/share/kde4/apps/kconf_update/kcmdisplayrc.upd' for new updates
2017-02-19T13:31:30 Checking update-file '/usr/share/kde4/apps/kconf_update/plasmarc-to-plasmadesktoprc.upd' for new updates
2017-02-19T13:31:31 Checking update-file '/usr/share/kde4/apps/kconf_update/kopete-update_yahoo_server.upd' for new updates
2017-02-19T13:31:31 Checking update-file '/usr/share/kde4/apps/kconf_update/kcookiescfg.upd' for new updates
2017-02-19T13:31:31 Checking update-file '/usr/share/kde4/apps/kconf_update/kpat_update_cardwidth.upd' for new updates
2017-02-19T13:31:31 Checking update-file '/usr/share/kde4/apps/kconf_update/kioslave.upd' for new updates
2017-02-19T13:31:31 kioslave.upd: Found new update 'kde2.2/r1'
2017-02-19T13:31:31 kioslave.upd: Skipping update 'kde2.2/r1'
2017-02-19T13:31:31 kioslave.upd: File 'kioslaverc' does not exist or empty, skipping
2017-02-19T13:31:31 Checking update-file '/usr/share/kde4/apps/kconf_update/kio_help.upd' for new updates
2017-02-19T13:31:31 Checking update-file '/usr/share/kde4/apps/kconf_update/ksmserver.upd' for new updates
2017-02-19T13:31:31 Checking update-file '/usr/share/kde4/apps/kconf_update/korganizer.upd' for new updates
2017-02-19T13:31:31 Checking update-file '/usr/share/kde4/apps/kconf_update/kwin3_plugin.upd' for new updates
2017-02-19T13:31:31 Checking update-file '/usr/share/kde4/apps/kconf_update/plasma-add-shortcut-to-menu.upd' for new updates
2017-02-19T13:31:31 plasma-add-shortcut-to-menu.upd: Found new update '4.1LauncherShortcut'
2017-02-19T13:31:31 plasma-add-shortcut-to-menu.upd: !! Script 'plasma-add-shortcut-to-menu-update' not found in line 2 : 'Script=plasma-add-shortcut-to-menu-update'
2017-02-19T13:31:31 Checking update-file '/usr/share/kde4/apps/kconf_update/kcalcrc.upd' for new updates
2017-02-19T13:31:31 Checking update-file '/usr/share/kde4/apps/kconf_update/kaccel.upd' for new updates
2017-02-19T13:31:31 Checking update-file '/usr/share/kde4/apps/kconf_update/kwinsticky.upd' for new updates
2017-02-19T13:31:31 Checking update-file '/usr/share/kde4/apps/kconf_update/kwin_on_off.upd' for new updates
2017-02-19T13:31:31 Checking update-file '/usr/share/kde4/apps/kconf_update/kwin.upd' for new updates
2017-02-19T13:31:31 Checking update-file '/usr/share/kde4/apps/kconf_update/kwin_focus2.upd' for new updates
2017-02-19T13:31:31 Checking update-file '/usr/share/kde4/apps/kconf_update/kpilot.upd' for new updates
2017-02-19T13:31:31 kpilot.upd: Found new update 'kdepim_3.3_SplitConfig'
2017-02-19T13:31:31 kpilot.upd: Skipping update 'kdepim_3.3_SplitConfig'
2017-02-19T13:31:31 kpilot.upd: File 'kpilotrc' does not exist or empty, skipping
2017-02-19T13:31:31 Checking update-file '/usr/share/kde4/apps/kconf_update/kcmcddb-emailsettings.upd' for new updates
2017-02-19T13:31:31 Checking update-file '/usr/share/kde4/apps/kconf_update/kuriikwsfilter.upd' for new updates
2017-02-19T13:31:31 Checking update-file '/usr/share/kde4/apps/kconf_update/kwin_focus1.upd' for new updates
2017-02-19T13:31:31 Checking update-file '/usr/share/kde4/apps/kconf_update/kolab-resource.upd' for new updates
2017-02-19T13:31:31 Checking update-file '/usr/share/kde4/apps/kconf_update/kopete-jabberproxytype-kconf_update.upd' for new updates
2017-02-19T13:31:31 Checking update-file '/usr/share/kde4/apps/kconf_update/plasma_popupapplet_fix_groups.upd' for new updates
2017-02-19T13:31:31 Checking update-file '/usr/share/kde4/apps/kconf_update/kalarm.upd' for new updates
2017-02-19T13:31:32 Checking update-file '/usr/share/kde4/apps/kconf_update/favicons.upd' for new updates
2017-02-19T13:31:32 Checking update-file '/usr/share/kde4/apps/kconf_update/kcharselect.upd' for new updates
2017-02-19T13:31:32 Checking update-file '/usr/share/kde4/apps/kconf_update/kopete-account-kconf_update.upd' for new updates
2017-02-19T13:31:32 Checking update-file '/usr/share/kde4/apps/kconf_update/klipper-kconfigxt.upd' for new updates
2017-02-19T13:31:32 Checking update-file '/usr/share/kde4/apps/kconf_update/kwiniconify.upd' for new updates
2017-02-19T13:31:32 Checking update-file '/usr/share/kde4/apps/kconf_update/audiocd.upd' for new updates
2017-02-19T13:31:32 Checking update-file '/usr/share/kde4/apps/kconf_update/kwinupdatewindowsettings.upd' for new updates
2017-02-19T13:31:32 Checking update-file '/usr/share/kde4/apps/kconf_update/kmail.upd' for new updates
2017-02-19T13:31:32 Checking update-file '/usr/share/kde4/apps/kconf_update/kfmclient_3_2.upd' for new updates
2017-02-19T13:31:32 Checking update-file '/usr/share/kde4/apps/kconf_update/kded.upd' for new updates
2017-02-19T13:31:32 Checking update-file '/usr/share/kde4/apps/kconf_update/kpgp.upd' for new updates
2017-02-19T13:31:32 Checking update-file '/usr/share/kde4/apps/kconf_update/mouse_cursor_theme.upd' for new updates
2017-02-19T13:31:32 Checking update-file '/usr/share/kde4/apps/kconf_update/plasma-to-plasmadesktop-shortcuts.upd' for new updates
2017-02-19T13:31:32 Checking update-file '/usr/share/kde4/apps/kconf_update/kopete-jabberpriorityaddition-kconf_update.upd' for new updates
2017-02-19T13:31:32 Checking update-file '/usr/share/kde4/apps/kconf_update/kopete-pluginloader.upd' for new updates
2017-02-19T13:31:32 Checking update-file '/usr/share/kde4/apps/kconf_update/ksslcertificatemanager.upd' for new updates
2017-02-19T13:31:32 Checking update-file '/usr/share/kde4/apps/kconf_update/kopete-initialstatus.upd' for new updates
2017-02-19T13:31:32 Checking update-file '/usr/share/kde4/apps/kconf_update/kopete-nameTracking.upd' for new updates
2017-02-19T13:31:32 kopete-nameTracking.upd: Found new update 'kopete0.9/r1'
2017-02-19T13:31:32 kopete-nameTracking.upd: Skipping update 'kopete0.9/r1'
2017-02-23T15:53:14 Checking update-file '/usr/share/kde4/apps/kconf_update/kopete-pluginloader.upd' for new updates
2017-02-23T15:53:14 Checking update-file '/usr/share/kde4/apps/kconf_update/kopete-jabberpriorityaddition-kconf_update.upd' for new updates
2017-02-23T15:53:14 Checking update-file '/usr/share/kde4/apps/kconf_update/ksslcertificatemanager.upd' for new updates
2017-02-23T15:53:14 Checking update-file '/usr/share/kde4/apps/kconf_update/kwin_fsp_workarounds_1.upd' for new updates
2017-02-23T15:53:14 Checking update-file '/usr/share/kde4/apps/kconf_update/kcookiescfg.upd' for new updates
2017-02-23T15:53:14 Checking update-file '/usr/share/kde4/apps/kconf_update/kcmdisplayrc.upd' for new updates
2017-02-23T15:53:14 Checking update-file '/usr/share/kde4/apps/kconf_update/kpat_update_cardwidth.upd' for new updates
2017-02-23T15:53:15 Checking update-file '/usr/share/kde4/apps/kconf_update/kopete-initialstatus.upd' for new updates
2017-02-23T15:53:15 Checking update-file '/usr/share/kde4/apps/kconf_update/ksmserver.upd' for new updates
2017-02-23T15:53:15 Checking update-file '/usr/share/kde4/apps/kconf_update/kpilot.upd' for new updates
2017-02-23T15:53:15 kpilot.upd: Found new update 'kdepim_3.3_SplitConfig'
2017-02-23T15:53:15 kpilot.upd: Skipping update 'kdepim_3.3_SplitConfig'
2017-02-23T15:53:15 kpilot.upd: File 'kpilotrc' does not exist or empty, skipping
2017-02-23T15:53:15 Checking update-file '/usr/share/kde4/apps/kconf_update/kopete-update_yahoo_server.upd' for new updates
2017-02-23T15:53:15 Checking update-file '/usr/share/kde4/apps/kconf_update/kwin_window_shortcuts.upd' for new updates
2017-02-23T15:53:15 Checking update-file '/usr/share/kde4/apps/kconf_update/plasma_popupapplet_fix_groups.upd' for new updates
2017-02-23T15:53:15 Checking update-file '/usr/share/kde4/apps/kconf_update/kwin.upd' for new updates
2017-02-23T15:53:15 Checking update-file '/usr/share/kde4/apps/kconf_update/mailtransports.upd' for new updates
2017-02-23T15:53:15 Checking update-file '/usr/share/kde4/apps/kconf_update/kioslave.upd' for new updates
2017-02-23T15:53:15 kioslave.upd: Found new update 'kde2.2/r1'
2017-02-23T15:53:15 kioslave.upd: Skipping update 'kde2.2/r1'
2017-02-23T15:53:15 kioslave.upd: File 'kioslaverc' does not exist or empty, skipping
2017-02-23T15:53:15 Checking update-file '/usr/share/kde4/apps/kconf_update/devicepreference.upd' for new updates
2017-02-23T15:53:15 Checking update-file '/usr/share/kde4/apps/kconf_update/plasmarc-to-plasmadesktoprc.upd' for new updates
2017-02-23T15:53:15 Checking update-file '/usr/share/kde4/apps/kconf_update/favicons.upd' for new updates
2017-02-23T15:53:15 Checking update-file '/usr/share/kde4/apps/kconf_update/kopete-pluginloader2.upd' for new updates
2017-02-23T15:53:15 Checking update-file '/usr/share/kde4/apps/kconf_update/kwin3_plugin.upd' for new updates
2017-02-23T15:53:15 Checking update-file '/usr/share/kde4/apps/kconf_update/kpgp.upd' for new updates
2017-02-23T15:53:15 Checking update-file '/usr/share/kde4/apps/kconf_update/kwin_on_off.upd' for new updates
2017-02-23T15:53:15 Checking update-file '/usr/share/kde4/apps/kconf_update/kwinsticky.upd' for new updates
2017-02-23T15:53:15 Checking update-file '/usr/share/kde4/apps/kconf_update/kwin_focus2.upd' for new updates
2017-02-23T15:53:15 Checking update-file '/usr/share/kde4/apps/kconf_update/audiocd.upd' for new updates
2017-02-23T15:53:15 Checking update-file '/usr/share/kde4/apps/kconf_update/kaccel.upd' for new updates
2017-02-23T15:53:15 Checking update-file '/usr/share/kde4/apps/kconf_update/klipper-kconfigxt.upd' for new updates
2017-02-23T15:53:15 Checking update-file '/usr/share/kde4/apps/kconf_update/kopete-nameTracking.upd' for new updates
2017-02-23T15:53:15 kopete-nameTracking.upd: Found new update 'kopete0.9/r1'
2017-02-23T15:53:15 kopete-nameTracking.upd: Skipping update 'kopete0.9/r1'
2017-02-23T15:53:15 Checking update-file '/usr/share/kde4/apps/kconf_update/konqsidebartng.upd' for new updates
2017-02-23T15:53:15 Checking update-file '/usr/share/kde4/apps/kconf_update/kded.upd' for new updates
2017-02-23T15:53:15 Checking update-file '/usr/share/kde4/apps/kconf_update/kcalcrc.upd' for new updates
2017-02-23T15:53:16 Checking update-file '/usr/share/kde4/apps/kconf_update/kmail.upd' for new updates
2017-02-23T15:53:16 Checking update-file '/usr/share/kde4/apps/kconf_update/kfmclient_3_2.upd' for new updates
2017-02-23T15:53:16 Checking update-file '/usr/share/kde4/apps/kconf_update/kcmcddb-emailsettings.upd' for new updates
2017-02-23T15:53:16 Checking update-file '/usr/share/kde4/apps/kconf_update/kwin_focus1.upd' for new updates
2017-02-23T15:53:16 Checking update-file '/usr/share/kde4/apps/kconf_update/plasma-add-shortcut-to-menu.upd' for new updates
2017-02-23T15:53:16 plasma-add-shortcut-to-menu.upd: Found new update '4.1LauncherShortcut'
2017-02-23T15:53:16 plasma-add-shortcut-to-menu.upd: !! Script 'plasma-add-shortcut-to-menu-update' not found in line 2 : 'Script=plasma-add-shortcut-to-menu-update'
2017-02-23T15:53:16 Checking update-file '/usr/share/kde4/apps/kconf_update/kopete-account-kconf_update.upd' for new updates
2017-02-23T15:53:16 Checking update-file '/usr/share/kde4/apps/kconf_update/kopete-gaim_to_pidgin_style.upd' for new updates
2017-02-23T15:53:16 Checking update-file '/usr/share/kde4/apps/kconf_update/kwinupdatewindowsettings.upd' for new updates
2017-02-23T15:53:16 Checking update-file '/usr/share/kde4/apps/kconf_update/mouse_cursor_theme.upd' for new updates
2017-02-23T15:53:16 Checking update-file '/usr/share/kde4/apps/kconf_update/plasma-to-plasmadesktop-shortcuts.upd' for new updates
2017-02-23T15:53:16 Checking update-file '/usr/share/kde4/apps/kconf_update/kopete-jabberproxytype-kconf_update.upd' for new updates
2017-02-23T15:53:16 Checking update-file '/usr/share/kde4/apps/kconf_update/krdb.upd' for new updates
2017-02-23T15:53:16 Checking update-file '/usr/share/kde4/apps/kconf_update/kalarm.upd' for new updates
2017-02-23T15:53:16 Checking update-file '/usr/share/kde4/apps/kconf_update/kuriikwsfilter.upd' for new updates
2017-02-23T15:53:16 Checking update-file '/usr/share/kde4/apps/kconf_update/korganizer.upd' for new updates
2017-02-23T15:53:16 Checking update-file '/usr/share/kde4/apps/kconf_update/kcharselect.upd' for new updates
2017-02-23T15:53:16 Checking update-file '/usr/share/kde4/apps/kconf_update/kio_help.upd' for new updates
2017-02-23T15:53:16 Checking update-file '/usr/share/kde4/apps/kconf_update/kolab-resource.upd' for new updates
2017-02-23T15:53:16 Checking update-file '/usr/share/kde4/apps/kconf_update/kwiniconify.upd' for new updates
2017-02-25T16:58:33 Checking update-file '/usr/share/kde4/apps/kconf_update/kmail.upd' for new updates
2017-02-25T16:58:33 Checking update-file '/usr/share/kde4/apps/kconf_update/kpat_update_cardwidth.upd' for new updates
2017-02-25T16:58:33 Checking update-file '/usr/share/kde4/apps/kconf_update/kuriikwsfilter.upd' for new updates
2017-02-25T16:58:33 Checking update-file '/usr/share/kde4/apps/kconf_update/kwin.upd' for new updates
2017-02-25T16:58:33 Checking update-file '/usr/share/kde4/apps/kconf_update/kcmcddb-emailsettings.upd' for new updates
2017-02-25T16:58:33 Checking update-file '/usr/share/kde4/apps/kconf_update/klipper-kconfigxt.upd' for new updates
2017-02-25T16:58:33 Checking update-file '/usr/share/kde4/apps/kconf_update/kded.upd' for new updates
2017-02-25T16:58:33 Checking update-file '/usr/share/kde4/apps/kconf_update/kwin_window_shortcuts.upd' for new updates
2017-02-25T16:58:34 Checking update-file '/usr/share/kde4/apps/kconf_update/kcmdisplayrc.upd' for new updates
2017-02-25T16:58:34 Checking update-file '/usr/share/kde4/apps/kconf_update/krdb.upd' for new updates
2017-02-25T16:58:34 Checking update-file '/usr/share/kde4/apps/kconf_update/mailtransports.upd' for new updates
2017-02-25T16:58:34 Checking update-file '/usr/share/kde4/apps/kconf_update/audiocd.upd' for new updates
2017-02-25T16:58:34 Checking update-file '/usr/share/kde4/apps/kconf_update/plasma_popupapplet_fix_groups.upd' for new updates
2017-02-25T16:58:34 Checking update-file '/usr/share/kde4/apps/kconf_update/kwinupdatewindowsettings.upd' for new updates
2017-02-25T16:58:34 Checking update-file '/usr/share/kde4/apps/kconf_update/ksmserver.upd' for new updates
2017-02-25T16:58:34 Checking update-file '/usr/share/kde4/apps/kconf_update/kwin_fsp_workarounds_1.upd' for new updates
2017-02-25T16:58:34 Checking update-file '/usr/share/kde4/apps/kconf_update/kpilot.upd' for new updates
2017-02-25T16:58:34 kpilot.upd: Found new update 'kdepim_3.3_SplitConfig'
2017-02-25T16:58:34 kpilot.upd: Skipping update 'kdepim_3.3_SplitConfig'
2017-02-25T16:58:34 kpilot.upd: File 'kpilotrc' does not exist or empty, skipping
2017-02-25T16:58:34 Checking update-file '/usr/share/kde4/apps/kconf_update/kopete-pluginloader.upd' for new updates
2017-02-25T16:58:34 Checking update-file '/usr/share/kde4/apps/kconf_update/kwinsticky.upd' for new updates
2017-02-25T16:58:34 Checking update-file '/usr/share/kde4/apps/kconf_update/kopete-account-kconf_update.upd' for new updates
2017-02-25T16:58:34 Checking update-file '/usr/share/kde4/apps/kconf_update/ksslcertificatemanager.upd' for new updates
2017-02-25T16:58:34 Checking update-file '/usr/share/kde4/apps/kconf_update/kopete-gaim_to_pidgin_style.upd' for new updates
2017-02-25T16:58:34 Checking update-file '/usr/share/kde4/apps/kconf_update/favicons.upd' for new updates
2017-02-25T16:58:34 Checking update-file '/usr/share/kde4/apps/kconf_update/kopete-jabberproxytype-kconf_update.upd' for new updates
2017-02-25T16:58:34 Checking update-file '/usr/share/kde4/apps/kconf_update/plasma-to-plasmadesktop-shortcuts.upd' for new updates
2017-02-25T16:58:34 Checking update-file '/usr/share/kde4/apps/kconf_update/devicepreference.upd' for new updates
2017-02-25T16:58:34 Checking update-file '/usr/share/kde4/apps/kconf_update/kcalcrc.upd' for new updates
2017-02-25T16:58:34 Checking update-file '/usr/share/kde4/apps/kconf_update/kwin_focus2.upd' for new updates
2017-02-25T16:58:34 Checking update-file '/usr/share/kde4/apps/kconf_update/kcharselect.upd' for new updates
2017-02-25T16:58:34 Checking update-file '/usr/share/kde4/apps/kconf_update/konqsidebartng.upd' for new updates
2017-02-25T16:58:34 Checking update-file '/usr/share/kde4/apps/kconf_update/kalarm.upd' for new updates
2017-02-25T16:58:34 Checking update-file '/usr/share/kde4/apps/kconf_update/kopete-update_yahoo_server.upd' for new updates
2017-02-25T16:58:34 Checking update-file '/usr/share/kde4/apps/kconf_update/kpgp.upd' for new updates
2017-02-25T16:58:34 Checking update-file '/usr/share/kde4/apps/kconf_update/kwin3_plugin.upd' for new updates
2017-02-25T16:58:35 Checking update-file '/usr/share/kde4/apps/kconf_update/kioslave.upd' for new updates
2017-02-25T16:58:35 kioslave.upd: Found new update 'kde2.2/r1'
2017-02-25T16:58:35 kioslave.upd: Skipping update 'kde2.2/r1'
2017-02-25T16:58:35 kioslave.upd: File 'kioslaverc' does not exist or empty, skipping
2017-02-25T16:58:35 Checking update-file '/usr/share/kde4/apps/kconf_update/kaccel.upd' for new updates
2017-02-25T16:58:35 Checking update-file '/usr/share/kde4/apps/kconf_update/kio_help.upd' for new updates
2017-02-25T16:58:35 Checking update-file '/usr/share/kde4/apps/kconf_update/plasma-add-shortcut-to-menu.upd' for new updates
2017-02-25T16:58:35 plasma-add-shortcut-to-menu.upd: Found new update '4.1LauncherShortcut'
2017-02-25T16:58:35 plasma-add-shortcut-to-menu.upd: !! Script 'plasma-add-shortcut-to-menu-update' not found in line 2 : 'Script=plasma-add-shortcut-to-menu-update'
2017-02-25T16:58:35 Checking update-file '/usr/share/kde4/apps/kconf_update/korganizer.upd' for new updates
2017-02-25T16:58:35 Checking update-file '/usr/share/kde4/apps/kconf_update/mouse_cursor_theme.upd' for new updates
2017-02-25T16:58:35 Checking update-file '/usr/share/kde4/apps/kconf_update/kwin_focus1.upd' for new updates
2017-02-25T16:58:35 Checking update-file '/usr/share/kde4/apps/kconf_update/plasmarc-to-plasmadesktoprc.upd' for new updates
2017-02-25T16:58:35 Checking update-file '/usr/share/kde4/apps/kconf_update/kopete-pluginloader2.upd' for new updates
2017-02-25T16:58:35 Checking update-file '/usr/share/kde4/apps/kconf_update/kolab-resource.upd' for new updates
2017-02-25T16:58:35 Checking update-file '/usr/share/kde4/apps/kconf_update/kopete-nameTracking.upd' for new updates
2017-02-25T16:58:35 kopete-nameTracking.upd: Found new update 'kopete0.9/r1'
2017-02-25T16:58:35 kopete-nameTracking.upd: Skipping update 'kopete0.9/r1'
2017-02-25T16:58:35 Checking update-file '/usr/share/kde4/apps/kconf_update/kopete-initialstatus.upd' for new updates
2017-02-25T16:58:35 Checking update-file '/usr/share/kde4/apps/kconf_update/kopete-jabberpriorityaddition-kconf_update.upd' for new updates
2017-02-25T16:58:35 Checking update-file '/usr/share/kde4/apps/kconf_update/kfmclient_3_2.upd' for new updates
2017-02-25T16:58:35 Checking update-file '/usr/share/kde4/apps/kconf_update/kwiniconify.upd' for new updates
2017-02-25T16:58:35 Checking update-file '/usr/share/kde4/apps/kconf_update/kcookiescfg.upd' for new updates
2017-02-25T16:58:35 Checking update-file '/usr/share/kde4/apps/kconf_update/kwin_on_off.upd' for new updates
2017-03-04T17:04:59 Checking update-file '/usr/share/kde4/apps/kconf_update/kaccel.upd' for new updates
2017-03-04T17:04:59 Checking update-file '/usr/share/kde4/apps/kconf_update/kwin.upd' for new updates
2017-03-04T17:04:59 Checking update-file '/usr/share/kde4/apps/kconf_update/kwin_focus1.upd' for new updates
2017-03-04T17:04:59 Checking update-file '/usr/share/kde4/apps/kconf_update/kcmdisplayrc.upd' for new updates
2017-03-04T17:04:59 Checking update-file '/usr/share/kde4/apps/kconf_update/kopete-update_yahoo_server.upd' for new updates
2017-03-04T17:04:59 Checking update-file '/usr/share/kde4/apps/kconf_update/kfmclient_3_2.upd' for new updates
2017-03-04T17:04:59 Checking update-file '/usr/share/kde4/apps/kconf_update/kuriikwsfilter.upd' for new updates
2017-03-04T17:04:59 Checking update-file '/usr/share/kde4/apps/kconf_update/kded.upd' for new updates
2017-03-04T17:04:59 Checking update-file '/usr/share/kde4/apps/kconf_update/kwin_window_shortcuts.upd' for new updates
2017-03-04T17:04:59 Checking update-file '/usr/share/kde4/apps/kconf_update/kwin_fsp_workarounds_1.upd' for new updates
2017-03-04T17:04:59 Checking update-file '/usr/share/kde4/apps/kconf_update/kmail.upd' for new updates
2017-03-04T17:04:59 Checking update-file '/usr/share/kde4/apps/kconf_update/kopete-initialstatus.upd' for new updates
2017-03-04T17:04:59 Checking update-file '/usr/share/kde4/apps/kconf_update/plasma-add-shortcut-to-menu.upd' for new updates
2017-03-04T17:04:59 plasma-add-shortcut-to-menu.upd: Found new update '4.1LauncherShortcut'
2017-03-04T17:04:59 plasma-add-shortcut-to-menu.upd: !! Script 'plasma-add-shortcut-to-menu-update' not found in line 2 : 'Script=plasma-add-shortcut-to-menu-update'
2017-03-04T17:04:59 Checking update-file '/usr/share/kde4/apps/kconf_update/mailtransports.upd' for new updates
2017-03-04T17:04:59 Checking update-file '/usr/share/kde4/apps/kconf_update/kcookiescfg.upd' for new updates
2017-03-04T17:04:59 Checking update-file '/usr/share/kde4/apps/kconf_update/kwinsticky.upd' for new updates
2017-03-04T17:04:59 Checking update-file '/usr/share/kde4/apps/kconf_update/kwinupdatewindowsettings.upd' for new updates
2017-03-04T17:04:59 Checking update-file '/usr/share/kde4/apps/kconf_update/favicons.upd' for new updates
2017-03-04T17:04:59 Checking update-file '/usr/share/kde4/apps/kconf_update/kio_help.upd' for new updates
2017-03-04T17:04:59 Checking update-file '/usr/share/kde4/apps/kconf_update/kwin_focus2.upd' for new updates
2017-03-04T17:05:00 Checking update-file '/usr/share/kde4/apps/kconf_update/kopete-gaim_to_pidgin_style.upd' for new updates
2017-03-04T17:05:00 Checking update-file '/usr/share/kde4/apps/kconf_update/devicepreference.upd' for new updates
2017-03-04T17:05:00 Checking update-file '/usr/share/kde4/apps/kconf_update/ksmserver.upd' for new updates
2017-03-04T17:05:00 Checking update-file '/usr/share/kde4/apps/kconf_update/korganizer.upd' for new updates
2017-03-04T17:05:00 Checking update-file '/usr/share/kde4/apps/kconf_update/kpgp.upd' for new updates
2017-03-04T17:05:00 Checking update-file '/usr/share/kde4/apps/kconf_update/plasma_popupapplet_fix_groups.upd' for new updates
2017-03-04T17:05:00 Checking update-file '/usr/share/kde4/apps/kconf_update/mouse_cursor_theme.upd' for new updates
2017-03-04T17:05:00 Checking update-file '/usr/share/kde4/apps/kconf_update/ksslcertificatemanager.upd' for new updates
2017-03-04T17:05:00 Checking update-file '/usr/share/kde4/apps/kconf_update/konqsidebartng.upd' for new updates
2017-03-04T17:05:00 Checking update-file '/usr/share/kde4/apps/kconf_update/kpat_update_cardwidth.upd' for new updates
2017-03-04T17:05:00 Checking update-file '/usr/share/kde4/apps/kconf_update/kcmcddb-emailsettings.upd' for new updates
2017-03-04T17:05:00 Checking update-file '/usr/share/kde4/apps/kconf_update/kopete-pluginloader2.upd' for new updates
2017-03-04T17:05:00 Checking update-file '/usr/share/kde4/apps/kconf_update/kopete-pluginloader.upd' for new updates
2017-03-04T17:05:00 Checking update-file '/usr/share/kde4/apps/kconf_update/klipper-kconfigxt.upd' for new updates
2017-03-04T17:05:00 Checking update-file '/usr/share/kde4/apps/kconf_update/kopete-account-kconf_update.upd' for new updates
2017-03-04T17:05:00 Checking update-file '/usr/share/kde4/apps/kconf_update/kopete-jabberproxytype-kconf_update.upd' for new updates
2017-03-04T17:05:00 Checking update-file '/usr/share/kde4/apps/kconf_update/kolab-resource.upd' for new updates
2017-03-04T17:05:00 Checking update-file '/usr/share/kde4/apps/kconf_update/kopete-jabberpriorityaddition-kconf_update.upd' for new updates
2017-03-04T17:05:00 Checking update-file '/usr/share/kde4/apps/kconf_update/plasma-to-plasmadesktop-shortcuts.upd' for new updates
2017-03-04T17:05:00 Checking update-file '/usr/share/kde4/apps/kconf_update/kpilot.upd' for new updates
2017-03-04T17:05:00 kpilot.upd: Found new update 'kdepim_3.3_SplitConfig'
2017-03-04T17:05:00 kpilot.upd: Skipping update 'kdepim_3.3_SplitConfig'
2017-03-04T17:05:00 kpilot.upd: File 'kpilotrc' does not exist or empty, skipping
2017-03-04T17:05:00 Checking update-file '/usr/share/kde4/apps/kconf_update/kwiniconify.upd' for new updates
2017-03-04T17:05:00 Checking update-file '/usr/share/kde4/apps/kconf_update/kwin3_plugin.upd' for new updates
2017-03-04T17:05:00 Checking update-file '/usr/share/kde4/apps/kconf_update/kioslave.upd' for new updates
2017-03-04T17:05:00 kioslave.upd: Found new update 'kde2.2/r1'
2017-03-04T17:05:00 kioslave.upd: Skipping update 'kde2.2/r1'
2017-03-04T17:05:00 kioslave.upd: File 'kioslaverc' does not exist or empty, skipping
2017-03-04T17:05:00 Checking update-file '/usr/share/kde4/apps/kconf_update/kopete-nameTracking.upd' for new updates
2017-03-04T17:05:00 kopete-nameTracking.upd: Found new update 'kopete0.9/r1'
2017-03-04T17:05:00 kopete-nameTracking.upd: Skipping update 'kopete0.9/r1'
2017-03-04T17:05:00 Checking update-file '/usr/share/kde4/apps/kconf_update/kwin_on_off.upd' for new updates
2017-03-04T17:05:01 Checking update-file '/usr/share/kde4/apps/kconf_update/kalarm.upd' for new updates
2017-03-04T17:05:01 Checking update-file '/usr/share/kde4/apps/kconf_update/kcalcrc.upd' for new updates
2017-03-04T17:05:01 Checking update-file '/usr/share/kde4/apps/kconf_update/plasmarc-to-plasmadesktoprc.upd' for new updates
2017-03-04T17:05:01 Checking update-file '/usr/share/kde4/apps/kconf_update/krdb.upd' for new updates
2017-03-04T17:05:01 Checking update-file '/usr/share/kde4/apps/kconf_update/kcharselect.upd' for new updates
2017-03-04T17:05:01 Checking update-file '/usr/share/kde4/apps/kconf_update/audiocd.upd' for new updates
2017-04-21T16:01:53 Checking update-file '/usr/share/kde4/apps/kconf_update/favicons.upd' for new updates
2017-04-21T16:01:53 Checking update-file '/usr/share/kde4/apps/kconf_update/kwin_focus1.upd' for new updates
2017-04-21T16:01:53 Checking update-file '/usr/share/kde4/apps/kconf_update/kwin.upd' for new updates
2017-04-21T16:01:53 Checking update-file '/usr/share/kde4/apps/kconf_update/kwin3_plugin.upd' for new updates
2017-04-21T16:01:53 Checking update-file '/usr/share/kde4/apps/kconf_update/kpgp.upd' for new updates
2017-04-21T16:01:53 Checking update-file '/usr/share/kde4/apps/kconf_update/kopete-initialstatus.upd' for new updates
2017-04-21T16:01:53 Checking update-file '/usr/share/kde4/apps/kconf_update/kpat_update_cardwidth.upd' for new updates
2017-04-21T16:01:53 Checking update-file '/usr/share/kde4/apps/kconf_update/korganizer.upd' for new updates
2017-04-21T16:01:53 Checking update-file '/usr/share/kde4/apps/kconf_update/konqsidebartng.upd' for new updates
2017-04-21T16:01:53 Checking update-file '/usr/share/kde4/apps/kconf_update/devicepreference.upd' for new updates
2017-04-21T16:01:53 Checking update-file '/usr/share/kde4/apps/kconf_update/kwinupdatewindowsettings.upd' for new updates
2017-04-21T16:01:53 Checking update-file '/usr/share/kde4/apps/kconf_update/kopete-jabberpriorityaddition-kconf_update.upd' for new updates
2017-04-21T16:01:53 Checking update-file '/usr/share/kde4/apps/kconf_update/kopete-account-kconf_update.upd' for new updates
2017-04-21T16:01:53 Checking update-file '/usr/share/kde4/apps/kconf_update/kopete-pluginloader.upd' for new updates
2017-04-21T16:01:53 Checking update-file '/usr/share/kde4/apps/kconf_update/mailtransports.upd' for new updates
2017-04-21T16:01:53 Checking update-file '/usr/share/kde4/apps/kconf_update/plasma-add-shortcut-to-menu.upd' for new updates
2017-04-21T16:01:53 plasma-add-shortcut-to-menu.upd: Found new update '4.1LauncherShortcut'
2017-04-21T16:01:53 plasma-add-shortcut-to-menu.upd: !! Script 'plasma-add-shortcut-to-menu-update' not found in line 2 : 'Script=plasma-add-shortcut-to-menu-update'
2017-04-21T16:01:53 Checking update-file '/usr/share/kde4/apps/kconf_update/kcookiescfg.upd' for new updates
2017-04-21T16:01:53 Checking update-file '/usr/share/kde4/apps/kconf_update/klipper-kconfigxt.upd' for new updates
2017-04-21T16:01:53 Checking update-file '/usr/share/kde4/apps/kconf_update/krdb.upd' for new updates
2017-04-21T16:01:54 Checking update-file '/usr/share/kde4/apps/kconf_update/kopete-update_yahoo_server.upd' for new updates
2017-04-21T16:01:54 Checking update-file '/usr/share/kde4/apps/kconf_update/kuriikwsfilter.upd' for new updates
2017-04-21T16:01:54 Checking update-file '/usr/share/kde4/apps/kconf_update/mouse_cursor_theme.upd' for new updates
2017-04-21T16:01:54 Checking update-file '/usr/share/kde4/apps/kconf_update/audiocd.upd' for new updates
2017-04-21T16:01:54 Checking update-file '/usr/share/kde4/apps/kconf_update/kmail.upd' for new updates
2017-04-21T16:01:54 Checking update-file '/usr/share/kde4/apps/kconf_update/kpilot.upd' for new updates
2017-04-21T16:01:54 kpilot.upd: Found new update 'kdepim_3.3_SplitConfig'
2017-04-21T16:01:54 kpilot.upd: Skipping update 'kdepim_3.3_SplitConfig'
2017-04-21T16:01:54 kpilot.upd: File 'kpilotrc' does not exist or empty, skipping
2017-04-21T16:01:54 Checking update-file '/usr/share/kde4/apps/kconf_update/kioslave.upd' for new updates
2017-04-21T16:01:54 kioslave.upd: Found new update 'kde2.2/r1'
2017-04-21T16:01:54 kioslave.upd: Skipping update 'kde2.2/r1'
2017-04-21T16:01:54 kioslave.upd: File 'kioslaverc' does not exist or empty, skipping
2017-04-21T16:01:54 Checking update-file '/usr/share/kde4/apps/kconf_update/kalarm.upd' for new updates
2017-04-21T16:01:54 Checking update-file '/usr/share/kde4/apps/kconf_update/kded.upd' for new updates
2017-04-21T16:01:54 Checking update-file '/usr/share/kde4/apps/kconf_update/kcmdisplayrc.upd' for new updates
2017-04-21T16:01:54 Checking update-file '/usr/share/kde4/apps/kconf_update/kio_help.upd' for new updates
2017-04-21T16:01:54 Checking update-file '/usr/share/kde4/apps/kconf_update/kopete-nameTracking.upd' for new updates
2017-04-21T16:01:54 kopete-nameTracking.upd: Found new update 'kopete0.9/r1'
2017-04-21T16:01:54 kopete-nameTracking.upd: Skipping update 'kopete0.9/r1'
2017-04-21T16:01:54 Checking update-file '/usr/share/kde4/apps/kconf_update/plasma-to-plasmadesktop-shortcuts.upd' for new updates
2017-04-21T16:01:54 Checking update-file '/usr/share/kde4/apps/kconf_update/kaccel.upd' for new updates
2017-04-21T16:01:54 Checking update-file '/usr/share/kde4/apps/kconf_update/kwin_on_off.upd' for new updates
2017-04-21T16:01:54 Checking update-file '/usr/share/kde4/apps/kconf_update/ksmserver.upd' for new updates
2017-04-21T16:01:54 Checking update-file '/usr/share/kde4/apps/kconf_update/kcalcrc.upd' for new updates
2017-04-21T16:01:54 Checking update-file '/usr/share/kde4/apps/kconf_update/kcmcddb-emailsettings.upd' for new updates
2017-04-21T16:01:54 Checking update-file '/usr/share/kde4/apps/kconf_update/kopete-jabberproxytype-kconf_update.upd' for new updates
2017-04-21T16:01:54 Checking update-file '/usr/share/kde4/apps/kconf_update/kwinsticky.upd' for new updates
2017-04-21T16:01:54 Checking update-file '/usr/share/kde4/apps/kconf_update/kwin_window_shortcuts.upd' for new updates
2017-04-21T16:01:55 Checking update-file '/usr/share/kde4/apps/kconf_update/kolab-resource.upd' for new updates
2017-04-21T16:01:55 Checking update-file '/usr/share/kde4/apps/kconf_update/kwin_fsp_workarounds_1.upd' for new updates
2017-04-21T16:01:55 Checking update-file '/usr/share/kde4/apps/kconf_update/plasma_popupapplet_fix_groups.upd' for new updates
2017-04-21T16:01:55 Checking update-file '/usr/share/kde4/apps/kconf_update/kfmclient_3_2.upd' for new updates
2017-04-21T16:01:55 Checking update-file '/usr/share/kde4/apps/kconf_update/kcharselect.upd' for new updates
2017-04-21T16:01:55 Checking update-file '/usr/share/kde4/apps/kconf_update/kopete-pluginloader2.upd' for new updates
2017-04-21T16:01:55 Checking update-file '/usr/share/kde4/apps/kconf_update/kwin_focus2.upd' for new updates
2017-04-21T16:01:55 Checking update-file '/usr/share/kde4/apps/kconf_update/plasmarc-to-plasmadesktoprc.upd' for new updates
2017-04-21T16:01:55 Checking update-file '/usr/share/kde4/apps/kconf_update/ksslcertificatemanager.upd' for new updates
2017-04-21T16:01:55 Checking update-file '/usr/share/kde4/apps/kconf_update/kopete-gaim_to_pidgin_style.upd' for new updates
2017-04-21T16:01:55 Checking update-file '/usr/share/kde4/apps/kconf_update/kwiniconify.upd' for new updates
